TN:
SF:F:\25june\PMQJava\src\main\webapp\app\app.constants.ts
FNF:0
FNH:0
DA:5,203
DA:6,203
DA:7,203
DA:8,203
LF:4
LH:4
BRF:0
BRH:0
end_of_record
TN:
SF:F:\25june\PMQJava\src\main\webapp\app\account\activate\activate.component.html
FNF:0
FNH:0
DA:1,1
LF:1
LH:1
BRF:0
BRH:0
end_of_record
TN:
SF:F:\25june\PMQJava\src\main\webapp\app\account\activate\activate.component.ts
FN:17,(anonymous_0)
FN:19,(anonymous_1)
FN:20,(anonymous_2)
FN:22,(anonymous_3)
FN:26,(anonymous_4)
FN:34,(anonymous_5)
FNF:6
FNH:5
FNDA:3,(anonymous_0)
FNDA:3,(anonymous_1)
FNDA:3,(anonymous_2)
FNDA:1,(anonymous_3)
FNDA:1,(anonymous_4)
FNDA:0,(anonymous_5)
DA:1,1
DA:3,1
DA:5,1
DA:6,1
DA:12,1
DA:17,3
DA:20,3
DA:21,3
DA:23,1
DA:24,1
DA:27,1
DA:28,1
DA:35,0
LF:13
LH:12
BRF:0
BRH:0
end_of_record
TN:
SF:F:\25june\PMQJava\src\main\webapp\app\account\activate\activate.service.ts
FN:9,(anonymous_0)
FN:11,(anonymous_1)
FNF:2
FNH:1
FNDA:3,(anonymous_0)
FNDA:0,(anonymous_1)
DA:1,1
DA:2,1
DA:5,1
DA:8,1
DA:9,3
DA:12,0
LF:6
LH:5
BRF:0
BRH:0
end_of_record
TN:
SF:F:\25june\PMQJava\src\main\webapp\app\account\password\password-strength-bar.component.ts
FN:22,(anonymous_0)
FN:24,(anonymous_1)
FN:33,(anonymous_2)
FN:51,(anonymous_3)
FN:68,(anonymous_4)
FNF:5
FNH:4
FNDA:3,(anonymous_0)
FNDA:10,(anonymous_1)
FNDA:40,(anonymous_2)
FNDA:7,(anonymous_3)
FNDA:0,(anonymous_4)
DA:1,1
DA:19,1
DA:20,3
DA:22,3
DA:25,10
DA:26,10
DA:27,10
DA:28,10
DA:29,10
DA:30,10
DA:32,10
DA:33,10
DA:34,40
DA:37,10
DA:38,10
DA:41,10
DA:44,10
DA:45,10
DA:46,10
DA:48,10
DA:52,7
DA:53,7
DA:54,3
DA:55,4
DA:56,1
DA:57,3
DA:58,1
DA:59,2
DA:60,1
DA:62,1
DA:64,7
DA:68,1
DA:69,0
DA:70,0
DA:71,0
DA:72,0
DA:73,0
DA:75,0
DA:76,0
DA:77,0
DA:78,0
DA:80,0
LF:42
LH:32
BRDA:37,0,0,1
BRDA:37,0,1,9
BRDA:41,1,0,7
BRDA:41,1,1,3
BRDA:44,2,0,2
BRDA:44,2,1,8
BRDA:45,3,0,0
BRDA:45,3,1,10
BRDA:46,4,0,2
BRDA:46,4,1,8
BRDA:53,5,0,3
BRDA:53,5,1,4
BRDA:55,6,0,1
BRDA:55,6,1,3
BRDA:57,7,0,1
BRDA:57,7,1,2
BRDA:59,8,0,1
BRDA:59,8,1,1
BRDA:69,9,0,0
BRDA:69,9,1,0
BRDA:72,10,0,0
BRDA:72,10,1,0
BRDA:77,11,0,0
BRDA:77,11,1,0
BRF:24
BRH:17
end_of_record
TN:
SF:F:\25june\PMQJava\src\main\webapp\app\account\password\password.component.html
FNF:0
FNH:0
DA:1,1
LF:1
LH:1
BRF:0
BRH:0
end_of_record
TN:
SF:F:\25june\PMQJava\src\main\webapp\app\account\password\password.component.ts
FN:22,(anonymous_0)
FN:24,(anonymous_1)
FN:25,(anonymous_2)
FN:30,(anonymous_3)
FN:39,(anonymous_4)
FN:43,(anonymous_5)
FNF:6
FNH:4
FNDA:4,(anonymous_0)
FNDA:0,(anonymous_1)
FNDA:0,(anonymous_2)
FNDA:4,(anonymous_3)
FNDA:2,(anonymous_4)
FNDA:1,(anonymous_5)
DA:1,1
DA:2,1
DA:4,1
DA:5,1
DA:11,1
DA:16,4
DA:22,4
DA:25,0
DA:26,0
DA:31,4
DA:32,4
DA:33,1
DA:34,1
DA:35,1
DA:37,3
DA:38,3
DA:40,2
DA:41,2
DA:44,1
DA:45,1
LF:20
LH:18
BRDA:32,0,0,1
BRDA:32,0,1,3
BRF:2
BRH:2
end_of_record
TN:
SF:F:\25june\PMQJava\src\main\webapp\app\account\password\password.service.ts
FN:9,(anonymous_0)
FN:11,(anonymous_1)
FNF:2
FNH:1
FNDA:4,(anonymous_0)
FNDA:0,(anonymous_1)
DA:1,1
DA:2,1
DA:5,1
DA:8,1
DA:9,4
DA:12,0
LF:6
LH:5
BRF:0
BRH:0
end_of_record
TN:
SF:F:\25june\PMQJava\src\main\webapp\app\account\password-reset\finish\password-reset-finish.component.html
FNF:0
FNH:0
DA:1,1
LF:1
LH:1
BRF:0
BRH:0
end_of_record
TN:
SF:F:\25june\PMQJava\src\main\webapp\app\account\password-reset\finish\password-reset-finish.component.ts
FN:27,(anonymous_0)
FN:36,(anonymous_1)
FN:37,(anonymous_2)
FN:43,(anonymous_3)
FN:49,(anonymous_4)
FN:58,(anonymous_5)
FN:61,(anonymous_6)
FN:69,(anonymous_7)
FNF:8
FNH:7
FNDA:10,(anonymous_0)
FNDA:6,(anonymous_1)
FNDA:6,(anonymous_2)
FNDA:1,(anonymous_3)
FNDA:3,(anonymous_4)
FNDA:1,(anonymous_5)
FNDA:1,(anonymous_6)
FNDA:0,(anonymous_7)
DA:1,1
DA:2,1
DA:3,1
DA:7,1
DA:8,1
DA:14,1
DA:22,10
DA:28,10
DA:29,10
DA:30,10
DA:31,10
DA:32,10
DA:33,10
DA:37,6
DA:38,6
DA:40,6
DA:44,1
DA:45,1
DA:50,3
DA:51,3
DA:52,3
DA:53,3
DA:54,3
DA:55,1
DA:57,2
DA:59,1
DA:62,1
DA:63,1
DA:70,0
LF:29
LH:28
BRDA:44,0,0,1
BRDA:44,0,1,0
BRDA:54,1,0,1
BRDA:54,1,1,2
BRF:4
BRH:3
end_of_record
TN:
SF:F:\25june\PMQJava\src\main\webapp\app\account\password-reset\finish\password-reset-finish.service.ts
FN:9,(anonymous_0)
FN:11,(anonymous_1)
FNF:2
FNH:1
FNDA:5,(anonymous_0)
FNDA:0,(anonymous_1)
DA:1,1
DA:2,1
DA:5,1
DA:8,1
DA:9,5
DA:12,0
LF:6
LH:5
BRF:0
BRH:0
end_of_record
TN:
SF:F:\25june\PMQJava\src\main\webapp\app\account\password-reset\init\password-reset-init.component.html
FNF:0
FNH:0
DA:1,1
LF:1
LH:1
BRF:0
BRH:0
end_of_record
TN:
SF:F:\25june\PMQJava\src\main\webapp\app\account\password-reset\init\password-reset-init.component.ts
FN:19,(anonymous_0)
FN:26,(anonymous_1)
FN:30,(anonymous_2)
FN:35,(anonymous_3)
FN:38,(anonymous_4)
FNF:5
FNH:5
FNDA:5,(anonymous_0)
FNDA:1,(anonymous_1)
FNDA:3,(anonymous_2)
FNDA:1,(anonymous_3)
FNDA:2,(anonymous_4)
DA:1,1
DA:2,1
DA:4,1
DA:5,1
DA:11,1
DA:15,5
DA:20,5
DA:21,5
DA:22,5
DA:23,5
DA:27,1
DA:31,3
DA:32,3
DA:34,3
DA:36,1
DA:39,2
DA:40,2
DA:41,1
DA:43,1
LF:19
LH:19
BRDA:40,0,0,1
BRDA:40,0,1,1
BRDA:40,1,0,2
BRDA:40,1,1,1
BRF:4
BRH:4
end_of_record
TN:
SF:F:\25june\PMQJava\src\main\webapp\app\account\password-reset\init\password-reset-init.service.ts
FN:9,(anonymous_0)
FN:11,(anonymous_1)
FNF:2
FNH:1
FNDA:5,(anonymous_0)
FNDA:0,(anonymous_1)
DA:1,1
DA:2,1
DA:5,1
DA:8,1
DA:9,5
DA:12,0
LF:6
LH:5
BRF:0
BRH:0
end_of_record
TN:
SF:F:\25june\PMQJava\src\main\webapp\app\account\register\register.component.html
FNF:0
FNH:0
DA:1,1
LF:1
LH:1
BRF:0
BRH:0
end_of_record
TN:
SF:F:\25june\PMQJava\src\main\webapp\app\account\register\register.component.ts
FN:30,(anonymous_0)
FN:39,(anonymous_1)
FN:43,(anonymous_2)
FN:47,(anonymous_3)
FN:60,(anonymous_4)
FN:63,(anonymous_5)
FN:66,(anonymous_6)
FN:72,(anonymous_7)
FN:76,(anonymous_8)
FNF:9
FNH:7
FNDA:5,(anonymous_0)
FNDA:5,(anonymous_1)
FNDA:0,(anonymous_2)
FNDA:5,(anonymous_3)
FNDA:4,(anonymous_4)
FNDA:1,(anonymous_5)
FNDA:3,(anonymous_6)
FNDA:0,(anonymous_7)
FNDA:3,(anonymous_8)
DA:1,1
DA:3,1
DA:5,1
DA:7,1
DA:8,1
DA:9,1
DA:15,1
DA:23,5
DA:31,5
DA:32,5
DA:33,5
DA:34,5
DA:35,5
DA:36,5
DA:40,5
DA:44,0
DA:48,5
DA:49,5
DA:50,5
DA:51,5
DA:52,5
DA:53,1
DA:55,4
DA:56,4
DA:57,4
DA:58,4
DA:59,4
DA:60,4
DA:61,4
DA:62,4
DA:64,1
DA:66,3
DA:73,0
DA:77,3
DA:78,3
DA:79,1
DA:80,2
DA:81,1
DA:83,1
LF:39
LH:37
BRDA:52,0,0,1
BRDA:52,0,1,4
BRDA:78,1,0,1
BRDA:78,1,1,2
BRDA:78,2,0,3
BRDA:78,2,1,2
BRDA:80,3,0,1
BRDA:80,3,1,1
BRDA:80,4,0,2
BRDA:80,4,1,1
BRF:10
BRH:10
end_of_record
TN:
SF:F:\25june\PMQJava\src\main\webapp\app\account\register\register.service.ts
FN:9,(anonymous_0)
FN:11,(anonymous_1)
FNF:2
FNH:1
FNDA:5,(anonymous_0)
FNDA:0,(anonymous_1)
DA:1,1
DA:2,1
DA:5,1
DA:8,1
DA:9,5
DA:12,0
LF:6
LH:5
BRF:0
BRH:0
end_of_record
TN:
SF:F:\25june\PMQJava\src\main\webapp\app\account\settings\settings.component.html
FNF:0
FNH:0
DA:1,1
LF:1
LH:1
BRF:0
BRH:0
end_of_record
TN:
SF:F:\25june\PMQJava\src\main\webapp\app\account\settings\settings.component.ts
FN:27,(anonymous_0)
FN:34,(anonymous_1)
FN:35,(anonymous_2)
FN:38,(anonymous_3)
FN:43,(anonymous_4)
FN:46,(anonymous_5)
FN:49,(anonymous_6)
FN:52,(anonymous_7)
FN:58,(anonymous_8)
FN:65,(anonymous_9)
FN:80,(anonymous_10)
FNF:11
FNH:8
FNDA:3,(anonymous_0)
FNDA:0,(anonymous_1)
FNDA:0,(anonymous_2)
FNDA:0,(anonymous_3)
FNDA:3,(anonymous_4)
FNDA:2,(anonymous_5)
FNDA:2,(anonymous_6)
FNDA:2,(anonymous_7)
FNDA:1,(anonymous_8)
FNDA:3,(anonymous_9)
FNDA:3,(anonymous_10)
DA:1,1
DA:2,1
DA:3,1
DA:5,1
DA:12,1
DA:16,3
DA:28,3
DA:29,3
DA:30,3
DA:31,3
DA:35,0
DA:36,0
DA:38,0
DA:39,0
DA:44,3
DA:45,3
DA:47,2
DA:48,2
DA:49,2
DA:50,2
DA:52,2
DA:53,2
DA:54,0
DA:59,1
DA:60,1
DA:66,3
DA:67,3
DA:81,3
LF:28
LH:23
BRDA:53,0,0,0
BRDA:53,0,1,2
BRF:2
BRH:1
end_of_record
TN:
SF:F:\25june\PMQJava\src\main\webapp\app\admin\admin.route.ts
FNF:0
FNH:0
DA:3,1
DA:5,1
DA:7,1
DA:9,1
LF:4
LH:4
BRF:0
BRH:0
end_of_record
TN:
SF:F:\25june\PMQJava\src\main\webapp\app\admin\index.ts
FNF:0
FNH:0
DA:1,1
DA:2,1
DA:3,1
DA:4,1
DA:5,1
DA:6,1
DA:7,1
DA:8,1
DA:9,1
DA:10,1
DA:11,1
DA:12,1
DA:13,1
DA:14,1
DA:15,1
DA:16,1
DA:17,1
DA:18,1
DA:19,1
DA:20,1
DA:21,1
DA:22,1
DA:23,1
DA:24,1
DA:25,1
DA:26,1
DA:27,1
LF:27
LH:27
BRF:0
BRH:0
end_of_record
TN:
SF:F:\25june\PMQJava\src\main\webapp\app\admin\audits\audit-data.model.ts
FN:2,(anonymous_0)
FNF:1
FNH:0
FNDA:0,(anonymous_0)
DA:1,1
DA:2,0
LF:2
LH:1
BRF:0
BRH:0
end_of_record
TN:
SF:F:\25june\PMQJava\src\main\webapp\app\admin\audits\audit.model.ts
FN:4,(anonymous_0)
FNF:1
FNH:1
FNDA:2,(anonymous_0)
DA:3,3
DA:4,2
LF:2
LH:2
BRF:0
BRH:0
end_of_record
TN:
SF:F:\25june\PMQJava\src\main\webapp\app\admin\audits\audits.component.html
FNF:0
FNH:0
DA:1,2
LF:1
LH:1
BRF:0
BRH:0
end_of_record
TN:
SF:F:\25june\PMQJava\src\main\webapp\app\admin\audits\audits.component.ts
FN:28,(anonymous_0)
FN:37,(anonymous_1)
FN:45,(anonymous_2)
FN:51,(anonymous_3)
FN:55,(anonymous_4)
FN:68,(anonymous_5)
FN:77,(anonymous_6)
FN:86,(anonymous_7)
FN:86,(anonymous_8)
FN:89,(anonymous_9)
FN:97,(anonymous_10)
FN:104,(anonymous_11)
FN:114,(anonymous_12)
FN:120,(anonymous_13)
FNF:14
FNH:10
FNDA:6,(anonymous_0)
FNDA:6,(anonymous_1)
FNDA:2,(anonymous_2)
FNDA:5,(anonymous_3)
FNDA:3,(anonymous_4)
FNDA:3,(anonymous_5)
FNDA:2,(anonymous_6)
FNDA:1,(anonymous_7)
FNDA:0,(anonymous_8)
FNDA:4,(anonymous_9)
FNDA:0,(anonymous_10)
FNDA:0,(anonymous_11)
FNDA:1,(anonymous_12)
FNDA:0,(anonymous_13)
DA:1,2
DA:3,2
DA:4,2
DA:5,2
DA:7,2
DA:9,2
DA:15,2
DA:29,6
DA:30,6
DA:31,6
DA:32,6
DA:33,6
DA:34,6
DA:36,6
DA:37,6
DA:38,6
DA:39,6
DA:40,6
DA:41,6
DA:46,2
DA:47,2
DA:48,2
DA:52,5
DA:56,3
DA:57,3
DA:59,3
DA:60,0
DA:62,3
DA:65,3
DA:69,3
DA:71,3
DA:72,3
DA:73,3
DA:74,3
DA:78,2
DA:86,1
DA:90,4
DA:91,4
DA:92,1
DA:94,4
DA:98,0
DA:99,0
DA:100,0
DA:105,0
DA:111,0
DA:115,1
DA:116,1
DA:117,1
DA:121,0
LF:49
LH:42
BRDA:59,0,0,0
BRDA:59,0,1,3
BRDA:90,1,0,1
BRDA:90,1,1,3
BRDA:91,2,0,1
BRDA:91,2,1,3
BRDA:98,3,0,0
BRDA:98,3,1,0
BRDA:108,4,0,0
BRDA:108,4,1,0
BRF:10
BRH:5
end_of_record
TN:
SF:F:\25june\PMQJava\src\main\webapp\app\admin\audits\audits.route.ts
FNF:0
FNH:0
DA:3,1
DA:5,1
DA:7,1
LF:3
LH:3
BRF:0
BRH:0
end_of_record
TN:
SF:F:\25june\PMQJava\src\main\webapp\app\admin\audits\audits.service.ts
FN:11,(anonymous_0)
FN:13,(anonymous_1)
FNF:2
FNH:2
FNDA:9,(anonymous_0)
FNDA:4,(anonymous_1)
DA:1,3
DA:2,3
DA:5,3
DA:6,3
DA:10,3
DA:11,9
DA:14,4
DA:15,4
DA:16,4
DA:18,4
DA:20,4
LF:11
LH:11
BRF:0
BRH:0
end_of_record
TN:
SF:F:\25june\PMQJava\src\main\webapp\app\admin\configuration\configuration.component.html
FNF:0
FNH:0
DA:1,2
LF:1
LH:1
BRF:0
BRH:0
end_of_record
TN:
SF:F:\25june\PMQJava\src\main\webapp\app\admin\configuration\configuration.component.ts
FN:17,(anonymous_0)
FN:24,(anonymous_1)
FN:28,(anonymous_2)
FN:29,(anonymous_3)
FN:39,(anonymous_4)
FNF:5
FNH:5
FNDA:3,(anonymous_0)
FNDA:2,(anonymous_1)
FNDA:1,(anonymous_2)
FNDA:1,(anonymous_3)
FNDA:1,(anonymous_4)
DA:1,2
DA:3,2
DA:9,2
DA:10,3
DA:11,3
DA:17,3
DA:18,3
DA:19,3
DA:20,3
DA:21,3
DA:25,2
DA:29,1
DA:30,1
DA:32,1
DA:33,2
DA:34,1
DA:39,1
DA:40,1
LF:18
LH:18
BRDA:25,0,0,1
BRDA:25,0,1,1
BRDA:33,1,0,1
BRDA:33,1,1,1
BRF:4
BRH:4
end_of_record
TN:
SF:F:\25june\PMQJava\src\main\webapp\app\admin\configuration\configuration.route.ts
FNF:0
FNH:0
DA:3,1
DA:5,1
LF:2
LH:2
BRF:0
BRH:0
end_of_record
TN:
SF:F:\25june\PMQJava\src\main\webapp\app\admin\configuration\configuration.service.ts
FN:10,(anonymous_0)
FN:12,(anonymous_1)
FN:14,(anonymous_2)
FN:23,(anonymous_3)
FN:30,(anonymous_4)
FN:46,(anonymous_5)
FN:48,(anonymous_6)
FNF:7
FNH:6
FNDA:6,(anonymous_0)
FNDA:2,(anonymous_1)
FNDA:1,(anonymous_2)
FNDA:0,(anonymous_3)
FNDA:1,(anonymous_4)
FNDA:1,(anonymous_5)
FNDA:1,(anonymous_6)
DA:1,3
DA:2,3
DA:4,3
DA:6,3
DA:9,3
DA:10,6
DA:13,2
DA:15,1
DA:16,1
DA:17,1
DA:18,1
DA:19,1
DA:23,1
DA:24,0
DA:32,1
DA:33,1
DA:37,1
DA:38,1
DA:43,0
DA:47,1
DA:49,1
DA:50,1
DA:52,1
DA:53,1
DA:54,1
DA:55,1
DA:56,1
DA:57,1
DA:58,1
DA:61,1
DA:63,1
LF:31
LH:29
BRDA:18,0,0,1
BRDA:18,0,1,0
BRDA:24,1,0,0
BRDA:24,1,1,0
BRDA:24,2,0,0
BRDA:24,2,1,0
BRDA:32,3,0,1
BRDA:32,3,1,0
BRDA:37,4,0,1
BRDA:37,4,1,0
BRDA:57,5,0,1
BRDA:57,5,1,0
BRF:12
BRH:4
end_of_record
TN:
SF:F:\25june\PMQJava\src\main\webapp\app\admin\docs\docs.component.html
FNF:0
FNH:0
DA:1,1
LF:1
LH:1
BRF:0
BRH:0
end_of_record
TN:
SF:F:\25june\PMQJava\src\main\webapp\app\admin\docs\docs.component.ts
FN:8,(anonymous_0)
FNF:1
FNH:0
FNDA:0,(anonymous_0)
DA:1,1
DA:7,1
LF:2
LH:2
BRF:0
BRH:0
end_of_record
TN:
SF:F:\25june\PMQJava\src\main\webapp\app\admin\docs\docs.route.ts
FNF:0
FNH:0
DA:3,1
DA:5,1
LF:2
LH:2
BRF:0
BRH:0
end_of_record
TN:
SF:F:\25june\PMQJava\src\main\webapp\app\admin\health\health-modal.component.html
FNF:0
FNH:0
DA:1,2
LF:1
LH:1
BRF:0
BRH:0
end_of_record
TN:
SF:F:\25june\PMQJava\src\main\webapp\app\admin\health\health-modal.component.ts
FN:13,(anonymous_0)
FN:15,(anonymous_1)
FN:19,(anonymous_2)
FN:23,(anonymous_3)
FNF:4
FNH:0
FNDA:0,(anonymous_0)
FNDA:0,(anonymous_1)
FNDA:0,(anonymous_2)
FNDA:0,(anonymous_3)
DA:1,2
DA:2,2
DA:4,2
DA:10,2
DA:13,0
DA:16,0
DA:20,0
DA:24,0
DA:26,0
DA:27,0
DA:29,0
DA:31,0
DA:35,0
DA:36,0
DA:38,0
LF:15
LH:4
BRDA:24,0,0,0
BRDA:24,0,1,0
BRDA:27,1,0,0
BRDA:27,1,1,0
BRDA:35,2,0,0
BRDA:35,2,1,0
BRF:6
BRH:0
end_of_record
TN:
SF:F:\25june\PMQJava\src\main\webapp\app\admin\health\health.component.html
FNF:0
FNH:0
DA:1,2
LF:1
LH:1
BRF:0
BRH:0
end_of_record
TN:
SF:F:\25june\PMQJava\src\main\webapp\app\admin\health\health.component.ts
FN:15,(anonymous_0)
FN:17,(anonymous_1)
FN:21,(anonymous_2)
FN:25,(anonymous_3)
FN:33,(anonymous_4)
FN:37,(anonymous_5)
FN:41,(anonymous_6)
FN:50,(anonymous_7)
FN:54,(anonymous_8)
FN:57,(anonymous_9)
FN:63,(anonymous_10)
FNF:11
FNH:8
FNDA:12,(anonymous_0)
FNDA:1,(anonymous_1)
FNDA:2,(anonymous_2)
FNDA:2,(anonymous_3)
FNDA:2,(anonymous_4)
FNDA:1,(anonymous_5)
FNDA:1,(anonymous_6)
FNDA:0,(anonymous_7)
FNDA:0,(anonymous_8)
FNDA:0,(anonymous_9)
FNDA:2,(anonymous_10)
DA:1,2
DA:2,2
DA:4,2
DA:5,2
DA:11,2
DA:15,12
DA:18,1
DA:22,2
DA:26,2
DA:27,1
DA:29,1
DA:34,2
DA:36,2
DA:38,1
DA:39,1
DA:42,1
DA:43,1
DA:44,1
DA:51,0
DA:52,0
DA:53,0
DA:64,2
LF:22
LH:19
BRDA:26,0,0,1
BRDA:26,0,1,1
BRDA:42,1,0,1
BRDA:42,1,1,0
BRF:4
BRH:3
end_of_record
TN:
SF:F:\25june\PMQJava\src\main\webapp\app\admin\health\health.route.ts
FNF:0
FNH:0
DA:3,1
DA:5,1
LF:2
LH:2
BRF:0
BRH:0
end_of_record
TN:
SF:F:\25june\PMQJava\src\main\webapp\app\admin\health\health.service.ts
FN:11,(anonymous_0)
FN:15,(anonymous_1)
FN:19,(anonymous_2)
FN:25,(anonymous_3)
FN:32,(anonymous_4)
FN:42,(anonymous_5)
FN:76,(anonymous_6)
FN:93,(anonymous_7)
FN:107,(anonymous_8)
FN:121,(anonymous_9)
FNF:10
FNH:9
FNDA:12,(anonymous_0)
FNDA:0,(anonymous_1)
FNDA:5,(anonymous_2)
FNDA:2,(anonymous_3)
FNDA:2,(anonymous_4)
FNDA:17,(anonymous_5)
FNDA:8,(anonymous_6)
FNDA:20,(anonymous_7)
FNDA:17,(anonymous_8)
FNDA:47,(anonymous_9)
DA:1,2
DA:2,2
DA:5,2
DA:8,2
DA:11,12
DA:12,12
DA:16,0
DA:20,5
DA:21,5
DA:22,5
DA:26,2
DA:27,2
DA:28,2
DA:33,2
DA:34,2
DA:35,2
DA:36,2
DA:37,2
DA:43,17
DA:47,17
DA:48,17
DA:50,17
DA:51,46
DA:52,46
DA:53,46
DA:54,25
DA:56,21
DA:57,15
DA:58,15
DA:65,17
DA:66,11
DA:70,17
DA:71,16
DA:73,17
DA:77,8
DA:78,26
DA:79,26
DA:80,26
DA:81,17
DA:82,3
DA:83,3
DA:85,14
DA:90,8
DA:95,20
DA:96,6
DA:97,14
DA:98,0
DA:99,14
DA:100,14
DA:102,0
DA:104,20
DA:108,17
DA:110,17
DA:111,46
DA:112,46
DA:113,46
DA:114,6
DA:118,17
DA:122,47
DA:124,47
DA:125,294
DA:126,294
DA:127,23
DA:131,47
LF:64
LH:61
BRDA:26,0,0,2
BRDA:26,0,1,0
BRDA:33,1,0,2
BRDA:33,1,1,0
BRDA:37,2,0,1
BRDA:37,2,1,1
BRDA:51,3,0,46
BRDA:51,3,1,0
BRDA:53,4,0,25
BRDA:53,4,1,21
BRDA:53,5,0,46
BRDA:53,5,1,29
BRDA:56,6,0,15
BRDA:56,6,1,6
BRDA:65,7,0,11
BRDA:65,7,1,6
BRDA:70,8,0,16
BRDA:70,8,1,1
BRDA:70,9,0,17
BRDA:70,9,1,3
BRDA:70,9,2,2
BRDA:78,10,0,26
BRDA:78,10,1,0
BRDA:80,11,0,17
BRDA:80,11,1,9
BRDA:81,12,0,3
BRDA:81,12,1,14
BRDA:95,13,0,6
BRDA:95,13,1,14
BRDA:95,14,0,20
BRDA:95,14,1,6
BRDA:97,15,0,0
BRDA:97,15,1,14
BRDA:99,16,0,14
BRDA:99,16,1,0
BRDA:111,17,0,46
BRDA:111,17,1,0
BRDA:113,18,0,6
BRDA:113,18,1,40
BRDA:113,19,0,46
BRDA:113,19,1,46
BRDA:125,20,0,294
BRDA:125,20,1,0
BRDA:126,21,0,23
BRDA:126,21,1,271
BRF:45
BRH:37
end_of_record
TN:
SF:F:\25june\PMQJava\src\main\webapp\app\admin\logs\log.model.ts
FN:2,(anonymous_0)
FNF:1
FNH:1
FNDA:4,(anonymous_0)
DA:1,1
DA:2,4
LF:2
LH:2
BRF:0
BRH:0
end_of_record
TN:
SF:F:\25june\PMQJava\src\main\webapp\app\admin\logs\logs.component.html
FNF:0
FNH:0
DA:1,1
LF:1
LH:1
BRF:0
BRH:0
end_of_record
TN:
SF:F:\25june\PMQJava\src\main\webapp\app\admin\logs\logs.component.ts
FN:16,(anonymous_0)
FN:22,(anonymous_1)
FN:23,(anonymous_2)
FN:26,(anonymous_3)
FN:27,(anonymous_4)
FN:28,(anonymous_5)
FN:32,(anonymous_6)
FN:33,(anonymous_7)
FNF:8
FNH:8
FNDA:3,(anonymous_0)
FNDA:1,(anonymous_1)
FNDA:1,(anonymous_2)
FNDA:1,(anonymous_3)
FNDA:1,(anonymous_4)
FNDA:1,(anonymous_5)
FNDA:2,(anonymous_6)
FNDA:2,(anonymous_7)
DA:1,1
DA:3,1
DA:4,1
DA:10,1
DA:16,3
DA:17,3
DA:18,3
DA:19,3
DA:23,1
DA:27,1
DA:28,1
DA:33,2
LF:12
LH:12
BRF:0
BRH:0
end_of_record
TN:
SF:F:\25june\PMQJava\src\main\webapp\app\admin\logs\logs.route.ts
FNF:0
FNH:0
DA:3,1
DA:5,1
LF:2
LH:2
BRF:0
BRH:0
end_of_record
TN:
SF:F:\25june\PMQJava\src\main\webapp\app\admin\logs\logs.service.ts
FN:9,(anonymous_0)
FN:11,(anonymous_1)
FN:15,(anonymous_2)
FNF:3
FNH:3
FNDA:5,(anonymous_0)
FNDA:1,(anonymous_1)
FNDA:1,(anonymous_2)
DA:1,2
DA:2,2
DA:5,2
DA:8,2
DA:9,5
DA:12,1
DA:16,1
LF:7
LH:7
BRF:0
BRH:0
end_of_record
TN:
SF:F:\25june\PMQJava\src\main\webapp\app\admin\metrics\metrics.component.html
FNF:0
FNH:0
DA:1,2
LF:1
LH:1
BRF:0
BRH:0
end_of_record
TN:
SF:F:\25june\PMQJava\src\main\webapp\app\admin\metrics\metrics.component.ts
FN:16,(anonymous_0)
FN:20,(anonymous_1)
FN:24,(anonymous_2)
FN:26,(anonymous_3)
FN:28,(anonymous_4)
FN:35,(anonymous_5)
FN:39,(anonymous_6)
FNF:7
FNH:4
FNDA:1,(anonymous_0)
FNDA:1,(anonymous_1)
FNDA:1,(anonymous_2)
FNDA:1,(anonymous_3)
FNDA:0,(anonymous_4)
FNDA:0,(anonymous_5)
FNDA:0,(anonymous_6)
DA:1,2
DA:2,2
DA:4,2
DA:10,2
DA:11,1
DA:12,1
DA:13,1
DA:16,1
DA:17,1
DA:21,1
DA:25,1
DA:26,1
DA:27,1
DA:28,1
DA:29,0
DA:30,0
DA:36,0
DA:40,0
LF:18
LH:14
BRDA:36,0,0,0
BRDA:36,0,1,0
BRDA:40,1,0,0
BRDA:40,1,1,0
BRF:4
BRH:0
end_of_record
TN:
SF:F:\25june\PMQJava\src\main\webapp\app\admin\metrics\metrics.route.ts
FNF:0
FNH:0
DA:3,1
DA:5,1
LF:2
LH:2
BRF:0
BRH:0
end_of_record
TN:
SF:F:\25june\PMQJava\src\main\webapp\app\admin\metrics\metrics.service.ts
FN:9,(anonymous_0)
FN:11,(anonymous_1)
FN:15,(anonymous_2)
FNF:3
FNH:3
FNDA:4,(anonymous_0)
FNDA:2,(anonymous_1)
FNDA:2,(anonymous_2)
DA:1,3
DA:2,3
DA:5,3
DA:8,3
DA:9,4
DA:12,2
DA:16,2
LF:7
LH:7
BRF:0
BRH:0
end_of_record
TN:
SF:F:\25june\PMQJava\src\main\webapp\app\admin\user-management\user-management-delete-dialog.component.html
FNF:0
FNH:0
DA:1,3
LF:1
LH:1
BRF:0
BRH:0
end_of_record
TN:
SF:F:\25june\PMQJava\src\main\webapp\app\admin\user-management\user-management-delete-dialog.component.ts
FN:14,(anonymous_0)
FN:16,(anonymous_1)
FN:20,(anonymous_2)
FN:21,(anonymous_3)
FNF:4
FNH:3
FNDA:1,(anonymous_0)
FNDA:0,(anonymous_1)
FNDA:1,(anonymous_2)
FNDA:1,(anonymous_3)
DA:1,3
DA:2,3
DA:3,3
DA:5,3
DA:11,3
DA:14,1
DA:17,0
DA:21,1
DA:22,1
DA:23,1
LF:10
LH:9
BRF:0
BRH:0
end_of_record
TN:
SF:F:\25june\PMQJava\src\main\webapp\app\admin\user-management\user-management-detail.component.html
FNF:0
FNH:0
DA:1,2
LF:1
LH:1
BRF:0
BRH:0
end_of_record
TN:
SF:F:\25june\PMQJava\src\main\webapp\app\admin\user-management\user-management-detail.component.ts
FN:13,(anonymous_0)
FN:15,(anonymous_1)
FN:16,(anonymous_2)
FNF:3
FNH:3
FNDA:1,(anonymous_0)
FNDA:1,(anonymous_1)
FNDA:1,(anonymous_2)
DA:1,2
DA:2,2
DA:10,2
DA:13,1
DA:16,1
DA:17,1
LF:6
LH:6
BRDA:17,0,0,0
BRDA:17,0,1,1
BRF:2
BRH:1
end_of_record
TN:
SF:F:\25june\PMQJava\src\main\webapp\app\admin\user-management\user-management-update.component.html
FNF:0
FNH:0
DA:1,2
LF:1
LH:1
BRF:0
BRH:0
end_of_record
TN:
SF:F:\25june\PMQJava\src\main\webapp\app\admin\user-management\user-management-update.component.ts
FN:28,(anonymous_0)
FN:36,(anonymous_1)
FN:38,(anonymous_2)
FN:43,(anonymous_3)
FN:46,(anonymous_4)
FN:51,(anonymous_5)
FN:64,(anonymous_6)
FN:68,(anonymous_7)
FN:72,(anonymous_8)
FN:72,(anonymous_9)
FN:74,(anonymous_10)
FN:74,(anonymous_11)
FN:78,(anonymous_12)
FN:88,(anonymous_13)
FN:93,(anonymous_14)
FNF:15
FNH:12
FNDA:3,(anonymous_0)
FNDA:1,(anonymous_1)
FNDA:1,(anonymous_2)
FNDA:1,(anonymous_3)
FNDA:1,(anonymous_4)
FNDA:1,(anonymous_5)
FNDA:2,(anonymous_6)
FNDA:2,(anonymous_7)
FNDA:1,(anonymous_8)
FNDA:0,(anonymous_9)
FNDA:1,(anonymous_10)
FNDA:0,(anonymous_11)
FNDA:2,(anonymous_12)
FNDA:2,(anonymous_13)
FNDA:0,(anonymous_14)
DA:1,2
DA:2,2
DA:3,2
DA:5,2
DA:11,2
DA:17,3
DA:29,3
DA:30,3
DA:31,3
DA:32,3
DA:33,3
DA:37,1
DA:38,1
DA:39,1
DA:40,1
DA:42,1
DA:43,1
DA:44,1
DA:46,1
DA:47,1
DA:52,1
DA:65,2
DA:69,2
DA:70,2
DA:71,2
DA:72,1
DA:74,1
DA:79,2
DA:80,2
DA:81,2
DA:82,2
DA:83,2
DA:84,2
DA:85,2
DA:89,2
DA:90,2
DA:94,0
LF:37
LH:36
BRDA:39,0,0,0
BRDA:39,0,1,1
BRDA:71,1,0,1
BRDA:71,1,1,1
BRF:4
BRH:3
end_of_record
TN:
SF:F:\25june\PMQJava\src\main\webapp\app\admin\user-management\user-management.component.html
FNF:0
FNH:0
DA:1,2
LF:1
LH:1
BRF:0
BRH:0
end_of_record
TN:
SF:F:\25june\PMQJava\src\main\webapp\app\admin\user-management\user-management.component.ts
FN:30,(anonymous_0)
FN:41,(anonymous_1)
FN:49,(anonymous_2)
FN:50,(anonymous_3)
FN:57,(anonymous_4)
FN:61,(anonymous_5)
FN:62,(anonymous_6)
FN:65,(anonymous_7)
FN:68,(anonymous_8)
FN:80,(anonymous_9)
FN:87,(anonymous_10)
FN:87,(anonymous_11)
FN:90,(anonymous_12)
FN:94,(anonymous_13)
FN:102,(anonymous_14)
FN:109,(anonymous_15)
FN:119,(anonymous_16)
FN:123,(anonymous_17)
FN:126,(anonymous_18)
FN:132,(anonymous_19)
FN:138,(anonymous_20)
FNF:21
FNH:12
FNDA:2,(anonymous_0)
FNDA:2,(anonymous_1)
FNDA:1,(anonymous_2)
FNDA:1,(anonymous_3)
FNDA:1,(anonymous_4)
FNDA:1,(anonymous_5)
FNDA:0,(anonymous_6)
FNDA:1,(anonymous_7)
FNDA:1,(anonymous_8)
FNDA:2,(anonymous_9)
FNDA:2,(anonymous_10)
FNDA:0,(anonymous_11)
FNDA:0,(anonymous_12)
FNDA:2,(anonymous_13)
FNDA:0,(anonymous_14)
FNDA:0,(anonymous_15)
FNDA:0,(anonymous_16)
FNDA:0,(anonymous_17)
FNDA:0,(anonymous_18)
FNDA:2,(anonymous_19)
FNDA:0,(anonymous_20)
DA:1,2
DA:3,2
DA:5,2
DA:6,2
DA:8,2
DA:9,2
DA:10,2
DA:16,2
DA:31,2
DA:32,2
DA:33,2
DA:34,2
DA:35,2
DA:36,2
DA:37,2
DA:38,2
DA:40,2
DA:41,2
DA:42,2
DA:43,2
DA:44,2
DA:45,2
DA:50,1
DA:51,1
DA:52,1
DA:53,1
DA:58,1
DA:62,1
DA:66,1
DA:68,1
DA:69,1
DA:70,1
DA:71,1
DA:72,1
DA:74,0
DA:75,0
DA:81,2
DA:87,2
DA:91,0
DA:95,2
DA:96,2
DA:97,0
DA:99,2
DA:103,0
DA:104,0
DA:105,0
DA:110,0
DA:116,0
DA:120,0
DA:121,0
DA:122,0
DA:133,2
DA:134,2
DA:135,2
DA:139,0
LF:55
LH:42
BRDA:69,0,0,1
BRDA:69,0,1,0
BRDA:95,1,0,0
BRDA:95,1,1,2
BRDA:96,2,0,0
BRDA:96,2,1,2
BRDA:103,3,0,0
BRDA:103,3,1,0
BRDA:113,4,0,0
BRDA:113,4,1,0
BRF:10
BRH:3
end_of_record
TN:
SF:F:\25june\PMQJava\src\main\webapp\app\admin\user-management\user-management.route.ts
FN:12,(anonymous_0)
FN:14,(anonymous_1)
FN:15,(anonymous_2)
FN:21,(anonymous_3)
FN:23,(anonymous_4)
FNF:5
FNH:0
FNDA:0,(anonymous_0)
FNDA:0,(anonymous_1)
FNDA:0,(anonymous_2)
FNDA:0,(anonymous_3)
FNDA:0,(anonymous_4)
DA:1,1
DA:3,1
DA:5,1
DA:6,1
DA:7,1
DA:8,1
DA:11,1
DA:12,0
DA:15,0
DA:20,1
DA:21,0
DA:24,0
DA:25,0
DA:26,0
DA:28,0
DA:32,1
LF:16
LH:9
BRDA:24,0,0,0
BRDA:24,0,1,0
BRDA:25,1,0,0
BRDA:25,1,1,0
BRF:4
BRH:0
end_of_record
TN:
SF:F:\25june\PMQJava\src\main\webapp\app\core\core.module.ts
FN:25,(anonymous_0)
FNF:1
FNH:0
FNDA:0,(anonymous_0)
DA:1,163
DA:2,163
DA:3,163
DA:4,163
DA:5,163
DA:7,163
DA:8,163
DA:24,163
DA:26,0
LF:9
LH:8
BRF:0
BRH:0
end_of_record
TN:
SF:F:\25june\PMQJava\src\main\webapp\app\core\index.ts
FNF:0
FNH:0
DA:1,163
DA:2,163
DA:3,163
DA:4,163
DA:5,163
DA:6,163
DA:7,163
DA:8,163
DA:9,163
DA:10,163
DA:11,163
DA:12,163
DA:13,163
LF:13
LH:13
BRF:0
BRH:0
end_of_record
TN:
SF:F:\25june\PMQJava\src\main\webapp\app\core\auth\account.service.ts
FN:16,(anonymous_0)
FN:18,(anonymous_1)
FN:22,(anonymous_2)
FN:26,(anonymous_3)
FN:32,(anonymous_4)
FN:46,(anonymous_5)
FN:52,(anonymous_6)
FN:55,(anonymous_7)
FN:61,(anonymous_8)
FN:75,(anonymous_9)
FN:93,(anonymous_10)
FN:101,(anonymous_11)
FN:105,(anonymous_12)
FN:109,(anonymous_13)
FN:113,(anonymous_14)
FNF:15
FNH:8
FNDA:8,(anonymous_0)
FNDA:2,(anonymous_1)
FNDA:0,(anonymous_2)
FNDA:4,(anonymous_3)
FNDA:3,(anonymous_4)
FNDA:3,(anonymous_5)
FNDA:2,(anonymous_6)
FNDA:0,(anonymous_7)
FNDA:5,(anonymous_8)
FNDA:1,(anonymous_9)
FNDA:0,(anonymous_10)
FNDA:0,(anonymous_11)
FNDA:0,(anonymous_12)
FNDA:0,(anonymous_13)
FNDA:0,(anonymous_14)
DA:1,200
DA:2,200
DA:3,200
DA:4,200
DA:5,200
DA:7,200
DA:11,200
DA:13,8
DA:14,8
DA:16,8
DA:19,2
DA:23,0
DA:27,4
DA:28,4
DA:29,4
DA:33,3
DA:34,1
DA:37,2
DA:38,2
DA:39,1
DA:43,1
DA:47,3
DA:48,1
DA:51,2
DA:53,2
DA:56,0
DA:62,5
DA:63,0
DA:68,5
DA:69,3
DA:73,2
DA:76,1
DA:77,1
DA:78,1
DA:79,1
DA:82,1
DA:83,0
DA:84,0
DA:87,0
DA:88,0
DA:90,1
DA:91,1
DA:94,0
DA:95,0
DA:96,0
DA:97,0
DA:102,0
DA:106,0
DA:110,0
DA:114,0
LF:50
LH:35
BRDA:33,0,0,1
BRDA:33,0,1,2
BRDA:33,1,0,3
BRDA:33,1,1,2
BRDA:33,1,2,2
BRDA:38,2,0,1
BRDA:38,2,1,1
BRDA:47,3,0,1
BRDA:47,3,1,2
BRDA:53,4,0,2
BRDA:53,4,1,2
BRDA:62,5,0,0
BRDA:62,5,1,5
BRDA:68,6,0,3
BRDA:68,6,1,2
BRDA:77,7,0,1
BRDA:77,7,1,0
BRDA:82,8,0,0
BRDA:82,8,1,1
BRDA:83,9,0,0
BRDA:83,9,1,0
BRDA:114,10,0,0
BRDA:114,10,1,0
BRF:23
BRH:16
end_of_record
TN:
SF:F:\25june\PMQJava\src\main\webapp\app\core\auth\auth-jwt.service.ts
FN:11,(anonymous_0)
FN:13,(anonymous_1)
FN:17,(anonymous_2)
FN:25,authenticateSuccess
FN:35,(anonymous_4)
FN:44,(anonymous_5)
FN:52,(anonymous_6)
FN:53,(anonymous_7)
FNF:8
FNH:0
FNDA:0,(anonymous_0)
FNDA:0,(anonymous_1)
FNDA:0,(anonymous_2)
FNDA:0,authenticateSuccess
FNDA:0,(anonymous_4)
FNDA:0,(anonymous_5)
FNDA:0,(anonymous_6)
FNDA:0,(anonymous_7)
DA:1,200
DA:2,200
DA:3,200
DA:4,200
DA:5,200
DA:7,200
DA:10,200
DA:11,0
DA:14,0
DA:18,0
DA:23,0
DA:26,0
DA:27,0
DA:28,0
DA:29,0
DA:30,0
DA:36,0
DA:37,0
DA:38,0
DA:40,0
DA:45,0
DA:46,0
DA:48,0
DA:53,0
DA:54,0
DA:55,0
DA:56,0
LF:27
LH:7
BRDA:14,0,0,0
BRDA:14,0,1,0
BRDA:27,1,0,0
BRDA:27,1,1,0
BRDA:27,2,0,0
BRDA:27,2,1,0
BRDA:36,3,0,0
BRDA:36,3,1,0
BRDA:45,4,0,0
BRDA:45,4,1,0
BRF:10
BRH:0
end_of_record
TN:
SF:F:\25june\PMQJava\src\main\webapp\app\core\auth\csrf.service.ts
FN:6,(anonymous_0)
FN:8,(anonymous_1)
FNF:2
FNH:0
FNDA:0,(anonymous_0)
FNDA:0,(anonymous_1)
DA:1,163
DA:2,163
DA:5,163
DA:6,0
DA:9,0
LF:5
LH:3
BRDA:8,0,0,0
BRF:1
BRH:0
end_of_record
TN:
SF:F:\25june\PMQJava\src\main\webapp\app\core\auth\state-storage.service.ts
FN:6,(anonymous_0)
FN:8,(anonymous_1)
FN:12,(anonymous_2)
FN:16,(anonymous_3)
FN:21,(anonymous_4)
FN:25,(anonymous_5)
FN:29,(anonymous_6)
FN:33,(anonymous_7)
FNF:8
FNH:0
FNDA:0,(anonymous_0)
FNDA:0,(anonymous_1)
FNDA:0,(anonymous_2)
FNDA:0,(anonymous_3)
FNDA:0,(anonymous_4)
FNDA:0,(anonymous_5)
FNDA:0,(anonymous_6)
FNDA:0,(anonymous_7)
DA:1,200
DA:2,200
DA:5,200
DA:6,0
DA:9,0
DA:13,0
DA:17,0
DA:18,0
DA:22,0
DA:26,0
DA:30,0
DA:34,0
DA:44,0
LF:13
LH:3
BRF:0
BRH:0
end_of_record
TN:
SF:F:\25june\PMQJava\src\main\webapp\app\core\auth\user-route-access-service.ts
FN:10,(anonymous_0)
FN:17,(anonymous_1)
FN:25,(anonymous_2)
FN:26,(anonymous_3)
FN:43,(anonymous_4)
FNF:5
FNH:0
FNDA:0,(anonymous_0)
FNDA:0,(anonymous_1)
FNDA:0,(anonymous_2)
FNDA:0,(anonymous_3)
FNDA:0,(anonymous_4)
DA:1,163
DA:2,163
DA:4,163
DA:5,163
DA:6,163
DA:9,163
DA:11,0
DA:12,0
DA:13,0
DA:14,0
DA:18,0
DA:22,0
DA:26,0
DA:27,0
DA:28,0
DA:31,0
DA:32,0
DA:33,0
DA:34,0
DA:36,0
DA:37,0
DA:39,0
DA:42,0
DA:43,0
DA:45,0
DA:46,0
DA:49,0
LF:27
LH:6
BRDA:27,0,0,0
BRDA:27,0,1,0
BRDA:27,1,0,0
BRDA:27,1,1,0
BRDA:31,2,0,0
BRDA:31,2,1,0
BRDA:33,3,0,0
BRDA:33,3,1,0
BRDA:36,4,0,0
BRDA:36,4,1,0
BRDA:45,5,0,0
BRDA:45,5,1,0
BRF:12
BRH:0
end_of_record
TN:
SF:F:\25june\PMQJava\src\main\webapp\app\core\language\language.constants.ts
FNF:0
FNH:0
DA:5,163
LF:1
LH:1
BRF:0
BRH:0
end_of_record
TN:
SF:F:\25june\PMQJava\src\main\webapp\app\core\language\language.helper.ts
FN:14,(anonymous_0)
FN:25,(anonymous_1)
FN:29,(anonymous_2)
FN:40,(anonymous_3)
FN:45,(anonymous_4)
FN:50,(anonymous_5)
FN:51,(anonymous_6)
FN:58,(anonymous_7)
FNF:8
FNH:0
FNDA:0,(anonymous_0)
FNDA:0,(anonymous_1)
FNDA:0,(anonymous_2)
FNDA:0,(anonymous_3)
FNDA:0,(anonymous_4)
FNDA:0,(anonymous_5)
FNDA:0,(anonymous_6)
FNDA:0,(anonymous_7)
DA:1,163
DA:2,163
DA:3,163
DA:4,163
DA:5,163
DA:7,163
DA:10,163
DA:11,0
DA:15,0
DA:16,0
DA:17,0
DA:20,0
DA:21,0
DA:22,0
DA:26,0
DA:30,0
DA:41,0
DA:42,0
DA:45,0
DA:46,0
DA:51,0
DA:52,0
DA:53,0
DA:54,0
DA:59,0
DA:60,0
DA:61,0
DA:63,0
LF:28
LH:7
BRDA:41,0,0,0
BRDA:41,0,1,0
BRDA:59,1,0,0
BRDA:59,1,1,0
BRDA:59,2,0,0
BRDA:59,2,1,0
BRDA:60,3,0,0
BRDA:60,3,1,0
BRDA:61,4,0,0
BRDA:61,4,1,0
BRF:10
BRH:0
end_of_record
TN:
SF:F:\25june\PMQJava\src\main\webapp\app\core\login\login-modal.service.ts
FN:9,(anonymous_0)
FN:11,(anonymous_1)
FN:18,(anonymous_2)
FN:21,(anonymous_3)
FNF:4
FNH:0
FNDA:0,(anonymous_0)
FNDA:0,(anonymous_1)
FNDA:0,(anonymous_2)
FNDA:0,(anonymous_3)
DA:1,163
DA:2,163
DA:4,163
DA:7,163
DA:8,0
DA:9,0
DA:12,0
DA:13,0
DA:15,0
DA:16,0
DA:17,0
DA:19,0
DA:22,0
DA:25,0
LF:14
LH:4
BRDA:12,0,0,0
BRDA:12,0,1,0
BRF:2
BRH:0
end_of_record
TN:
SF:F:\25june\PMQJava\src\main\webapp\app\core\login\login.service.ts
FN:8,(anonymous_0)
FN:10,(anonymous_1)
FN:11,(anonymous_2)
FN:13,(anonymous_3)
FN:15,(anonymous_4)
FN:16,(anonymous_5)
FN:21,(anonymous_6)
FN:30,(anonymous_7)
FN:34,(anonymous_8)
FN:35,(anonymous_9)
FNF:10
FNH:0
FNDA:0,(anonymous_0)
FNDA:0,(anonymous_1)
FNDA:0,(anonymous_2)
FNDA:0,(anonymous_3)
FNDA:0,(anonymous_4)
FNDA:0,(anonymous_5)
FNDA:0,(anonymous_6)
FNDA:0,(anonymous_7)
FNDA:0,(anonymous_8)
FNDA:0,(anonymous_9)
DA:1,200
DA:3,200
DA:4,200
DA:7,200
DA:8,0
DA:11,0
DA:13,0
DA:14,0
DA:16,0
DA:17,0
DA:19,0
DA:22,0
DA:23,0
DA:24,0
DA:31,0
DA:35,0
LF:16
LH:4
BRDA:11,0,0,0
BRDA:11,0,1,0
BRF:2
BRH:0
end_of_record
TN:
SF:F:\25june\PMQJava\src\main\webapp\app\core\user\account.model.ts
FN:2,(anonymous_0)
FNF:1
FNH:0
FNDA:0,(anonymous_0)
DA:1,163
DA:3,0
DA:4,0
DA:5,0
DA:6,0
DA:7,0
DA:8,0
DA:9,0
DA:10,0
LF:9
LH:1
BRF:0
BRH:0
end_of_record
TN:
SF:F:\25june\PMQJava\src\main\webapp\app\core\user\user.model.ts
FN:18,(anonymous_0)
FNF:1
FNH:1
FNDA:7,(anonymous_0)
DA:17,163
DA:19,7
DA:20,7
DA:21,7
DA:22,7
DA:23,7
DA:24,7
DA:25,7
DA:26,7
DA:27,7
DA:28,7
DA:29,7
DA:30,7
DA:31,7
DA:33,7
DA:34,7
DA:35,7
DA:36,7
DA:37,7
DA:38,7
DA:39,7
DA:40,7
DA:41,7
DA:42,7
DA:43,7
DA:44,7
DA:45,7
LF:27
LH:27
BRDA:33,0,0,6
BRDA:33,0,1,1
BRDA:34,1,0,3
BRDA:34,1,1,4
BRDA:35,2,0,2
BRDA:35,2,1,5
BRDA:36,3,0,2
BRDA:36,3,1,5
BRDA:37,4,0,2
BRDA:37,4,1,5
BRDA:38,5,0,2
BRDA:38,5,1,5
BRDA:39,6,0,2
BRDA:39,6,1,5
BRDA:40,7,0,2
BRDA:40,7,1,5
BRDA:41,8,0,2
BRDA:41,8,1,5
BRDA:42,9,0,0
BRDA:42,9,1,7
BRDA:43,10,0,0
BRDA:43,10,1,7
BRDA:44,11,0,0
BRDA:44,11,1,7
BRDA:45,12,0,0
BRDA:45,12,1,7
BRF:26
BRH:22
end_of_record
TN:
SF:F:\25june\PMQJava\src\main\webapp\app\core\user\user.service.ts
FN:13,(anonymous_0)
FN:15,(anonymous_1)
FN:19,(anonymous_2)
FN:23,(anonymous_3)
FN:27,(anonymous_4)
FN:32,(anonymous_5)
FN:36,(anonymous_6)
FNF:7
FNH:3
FNDA:12,(anonymous_0)
FNDA:0,(anonymous_1)
FNDA:0,(anonymous_2)
FNDA:3,(anonymous_3)
FNDA:0,(anonymous_4)
FNDA:0,(anonymous_5)
FNDA:1,(anonymous_6)
DA:1,163
DA:2,163
DA:5,163
DA:6,163
DA:10,163
DA:11,12
DA:13,12
DA:16,0
DA:20,0
DA:24,3
DA:28,0
DA:29,0
DA:33,0
DA:37,1
LF:14
LH:9
BRF:0
BRH:0
end_of_record
TN:
SF:F:\25june\PMQJava\src\main\webapp\app\entities\backlog-practice\backlog-practice-delete-dialog.component.html
FNF:0
FNH:0
DA:1,7
LF:1
LH:1
BRF:0
BRH:0
end_of_record
TN:
SF:F:\25june\PMQJava\src\main\webapp\app\entities\backlog-practice\backlog-practice-delete-dialog.component.ts
FN:17,(anonymous_0)
FN:23,(anonymous_1)
FN:27,(anonymous_2)
FN:28,(anonymous_3)
FN:45,(anonymous_4)
FN:47,(anonymous_5)
FN:48,(anonymous_6)
FN:49,(anonymous_7)
FN:53,(anonymous_8)
FN:57,(anonymous_9)
FN:66,(anonymous_10)
FNF:11
FNH:3
FNDA:1,(anonymous_0)
FNDA:0,(anonymous_1)
FNDA:1,(anonymous_2)
FNDA:1,(anonymous_3)
FNDA:0,(anonymous_4)
FNDA:0,(anonymous_5)
FNDA:0,(anonymous_6)
FNDA:0,(anonymous_7)
FNDA:0,(anonymous_8)
FNDA:0,(anonymous_9)
FNDA:0,(anonymous_10)
DA:1,7
DA:2,7
DA:4,7
DA:5,7
DA:8,7
DA:14,7
DA:18,1
DA:19,1
DA:20,1
DA:24,0
DA:28,1
DA:29,1
DA:33,1
DA:42,7
DA:45,0
DA:48,0
DA:49,0
DA:50,0
DA:51,0
DA:52,0
DA:54,0
DA:55,0
DA:58,0
DA:59,0
DA:67,0
LF:25
LH:13
BRF:0
BRH:0
end_of_record
TN:
SF:F:\25june\PMQJava\src\main\webapp\app\entities\backlog-practice\backlog-practice-detail.component.html
FNF:0
FNH:0
DA:1,7
LF:1
LH:1
BRF:0
BRH:0
end_of_record
TN:
SF:F:\25june\PMQJava\src\main\webapp\app\entities\backlog-practice\backlog-practice-detail.component.ts
FN:13,(anonymous_0)
FN:15,(anonymous_1)
FN:16,(anonymous_2)
FN:21,(anonymous_3)
FNF:4
FNH:3
FNDA:1,(anonymous_0)
FNDA:1,(anonymous_1)
FNDA:1,(anonymous_2)
FNDA:0,(anonymous_3)
DA:1,7
DA:2,7
DA:10,7
DA:13,1
DA:16,1
DA:17,1
DA:22,0
LF:7
LH:6
BRF:0
BRH:0
end_of_record
TN:
SF:F:\25june\PMQJava\src\main\webapp\app\entities\backlog-practice\backlog-practice-update.component.html
FNF:0
FNH:0
DA:1,7
LF:1
LH:1
BRF:0
BRH:0
end_of_record
TN:
SF:F:\25june\PMQJava\src\main\webapp\app\entities\backlog-practice\backlog-practice-update.component.ts
FN:24,(anonymous_0)
FN:30,(anonymous_1)
FN:32,(anonymous_2)
FN:38,(anonymous_3)
FN:47,(anonymous_4)
FN:51,(anonymous_5)
FN:61,(anonymous_6)
FN:72,(anonymous_7)
FN:73,(anonymous_8)
FN:73,(anonymous_9)
FN:76,(anonymous_10)
FN:81,(anonymous_11)
FNF:12
FNH:8
FNDA:2,(anonymous_0)
FNDA:0,(anonymous_1)
FNDA:0,(anonymous_2)
FNDA:2,(anonymous_3)
FNDA:2,(anonymous_4)
FNDA:2,(anonymous_5)
FNDA:2,(anonymous_6)
FNDA:2,(anonymous_7)
FNDA:2,(anonymous_8)
FNDA:0,(anonymous_9)
FNDA:2,(anonymous_10)
FNDA:0,(anonymous_11)
DA:1,7
DA:3,7
DA:4,7
DA:6,7
DA:7,7
DA:13,7
DA:17,2
DA:25,2
DA:26,2
DA:27,2
DA:31,0
DA:32,0
DA:33,0
DA:34,0
DA:39,2
DA:48,2
DA:52,2
DA:53,2
DA:54,2
DA:55,1
DA:57,1
DA:62,2
DA:69,2
DA:73,2
DA:77,2
DA:78,2
DA:82,0
LF:27
LH:22
BRDA:54,0,0,1
BRDA:54,0,1,1
BRF:2
BRH:2
end_of_record
TN:
SF:F:\25june\PMQJava\src\main\webapp\app\entities\backlog-practice\backlog-practice.component.html
FNF:0
FNH:0
DA:1,7
LF:1
LH:1
BRF:0
BRH:0
end_of_record
TN:
SF:F:\25june\PMQJava\src\main\webapp\app\entities\backlog-practice\backlog-practice.component.ts
FN:20,(anonymous_0)
FN:27,(anonymous_1)
FN:31,(anonymous_2)
FN:32,(anonymous_3)
FN:35,(anonymous_4)
FN:38,(anonymous_5)
FN:42,(anonymous_6)
FN:44,(anonymous_7)
FN:50,(anonymous_8)
FN:54,(anonymous_9)
FN:58,(anonymous_10)
FN:59,(anonymous_11)
FN:62,(anonymous_12)
FNF:13
FNH:8
FNDA:1,(anonymous_0)
FNDA:1,(anonymous_1)
FNDA:1,(anonymous_2)
FNDA:1,(anonymous_3)
FNDA:1,(anonymous_4)
FNDA:0,(anonymous_5)
FNDA:1,(anonymous_6)
FNDA:1,(anonymous_7)
FNDA:0,(anonymous_8)
FNDA:0,(anonymous_9)
FNDA:1,(anonymous_10)
FNDA:0,(anonymous_11)
FNDA:0,(anonymous_12)
DA:1,7
DA:4,7
DA:5,7
DA:8,7
DA:9,7
DA:15,7
DA:21,1
DA:22,1
DA:23,1
DA:24,1
DA:28,1
DA:31,1
DA:32,1
DA:36,1
DA:38,0
DA:43,1
DA:44,1
DA:45,1
DA:47,1
DA:51,0
DA:55,0
DA:59,1
DA:63,0
LF:23
LH:19
BRF:0
BRH:0
end_of_record
TN:
SF:F:\25june\PMQJava\src\main\webapp\app\entities\backlog-practice\backlog-practice.route.ts
FN:17,(anonymous_0)
FN:19,(anonymous_1)
FN:23,(anonymous_2)
FN:24,(anonymous_3)
FNF:4
FNH:0
FNDA:0,(anonymous_0)
FNDA:0,(anonymous_1)
FNDA:0,(anonymous_2)
FNDA:0,(anonymous_3)
DA:1,6
DA:4,6
DA:5,6
DA:6,6
DA:7,6
DA:8,6
DA:9,6
DA:10,6
DA:11,6
DA:12,6
DA:16,6
DA:17,0
DA:20,0
DA:21,0
DA:22,0
DA:23,0
DA:24,0
DA:27,0
DA:31,6
DA:79,6
LF:20
LH:13
BRDA:20,0,0,0
BRDA:20,0,1,0
BRDA:21,1,0,0
BRDA:21,1,1,0
BRF:4
BRH:0
end_of_record
TN:
SF:F:\25june\PMQJava\src\main\webapp\app\entities\backlog-practice\backlog-practice.service.ts
FN:16,(anonymous_0)
FN:18,(anonymous_1)
FN:22,(anonymous_2)
FN:26,(anonymous_3)
FN:30,(anonymous_4)
FN:35,(anonymous_5)
FNF:6
FNH:6
FNDA:11,(anonymous_0)
FNDA:1,(anonymous_1)
FNDA:1,(anonymous_2)
FNDA:1,(anonymous_3)
FNDA:1,(anonymous_4)
FNDA:1,(anonymous_5)
DA:1,10
DA:2,10
DA:5,10
DA:6,10
DA:13,10
DA:14,11
DA:16,11
DA:19,1
DA:23,1
DA:27,1
DA:31,1
DA:32,1
DA:36,1
LF:13
LH:13
BRF:0
BRH:0
end_of_record
TN:
SF:F:\25june\PMQJava\src\main\webapp\app\entities\backlog-practice\index.ts
FNF:0
FNH:0
DA:1,6
DA:2,6
DA:3,6
DA:4,6
DA:5,6
DA:6,6
LF:6
LH:6
BRF:0
BRH:0
end_of_record
TN:
SF:F:\25june\PMQJava\src\main\webapp\app\entities\city\city-delete-dialog.component.html
FNF:0
FNH:0
DA:1,11
LF:1
LH:1
BRF:0
BRH:0
end_of_record
TN:
SF:F:\25june\PMQJava\src\main\webapp\app\entities\city\city-delete-dialog.component.ts
FN:17,(anonymous_0)
FN:19,(anonymous_1)
FN:23,(anonymous_2)
FN:24,(anonymous_3)
FN:41,(anonymous_4)
FN:43,(anonymous_5)
FN:44,(anonymous_6)
FN:45,(anonymous_7)
FN:49,(anonymous_8)
FN:53,(anonymous_9)
FN:62,(anonymous_10)
FNF:11
FNH:3
FNDA:1,(anonymous_0)
FNDA:0,(anonymous_1)
FNDA:1,(anonymous_2)
FNDA:1,(anonymous_3)
FNDA:0,(anonymous_4)
FNDA:0,(anonymous_5)
FNDA:0,(anonymous_6)
FNDA:0,(anonymous_7)
FNDA:0,(anonymous_8)
FNDA:0,(anonymous_9)
FNDA:0,(anonymous_10)
DA:1,11
DA:2,11
DA:4,11
DA:5,11
DA:8,11
DA:14,11
DA:17,1
DA:20,0
DA:24,1
DA:25,1
DA:29,1
DA:38,11
DA:41,0
DA:44,0
DA:45,0
DA:46,0
DA:47,0
DA:48,0
DA:50,0
DA:51,0
DA:54,0
DA:55,0
DA:63,0
LF:23
LH:11
BRF:0
BRH:0
end_of_record
TN:
SF:F:\25june\PMQJava\src\main\webapp\app\entities\city\city-detail.component.html
FNF:0
FNH:0
DA:1,11
LF:1
LH:1
BRF:0
BRH:0
end_of_record
TN:
SF:F:\25june\PMQJava\src\main\webapp\app\entities\city\city-detail.component.ts
FN:13,(anonymous_0)
FN:15,(anonymous_1)
FN:16,(anonymous_2)
FN:21,(anonymous_3)
FNF:4
FNH:3
FNDA:1,(anonymous_0)
FNDA:1,(anonymous_1)
FNDA:1,(anonymous_2)
FNDA:0,(anonymous_3)
DA:1,11
DA:2,11
DA:10,11
DA:13,1
DA:16,1
DA:17,1
DA:22,0
LF:7
LH:6
BRF:0
BRH:0
end_of_record
TN:
SF:F:\25june\PMQJava\src\main\webapp\app\entities\city\city-update.component.html
FNF:0
FNH:0
DA:1,11
LF:1
LH:1
BRF:0
BRH:0
end_of_record
TN:
SF:F:\25june\PMQJava\src\main\webapp\app\entities\city\city-update.component.ts
FN:23,(anonymous_0)
FN:25,(anonymous_1)
FN:27,(anonymous_2)
FN:33,(anonymous_3)
FN:41,(anonymous_4)
FN:45,(anonymous_5)
FN:55,(anonymous_6)
FN:65,(anonymous_7)
FN:66,(anonymous_8)
FN:66,(anonymous_9)
FN:69,(anonymous_10)
FN:74,(anonymous_11)
FNF:12
FNH:8
FNDA:2,(anonymous_0)
FNDA:0,(anonymous_1)
FNDA:0,(anonymous_2)
FNDA:2,(anonymous_3)
FNDA:2,(anonymous_4)
FNDA:2,(anonymous_5)
FNDA:2,(anonymous_6)
FNDA:2,(anonymous_7)
FNDA:2,(anonymous_8)
FNDA:0,(anonymous_9)
FNDA:2,(anonymous_10)
FNDA:0,(anonymous_11)
DA:1,11
DA:3,11
DA:4,11
DA:6,11
DA:7,11
DA:13,11
DA:17,2
DA:23,2
DA:26,0
DA:27,0
DA:28,0
DA:29,0
DA:34,2
DA:42,2
DA:46,2
DA:47,2
DA:48,2
DA:49,1
DA:51,1
DA:56,2
DA:62,2
DA:66,2
DA:70,2
DA:71,2
DA:75,0
LF:25
LH:20
BRDA:48,0,0,1
BRDA:48,0,1,1
BRF:2
BRH:2
end_of_record
TN:
SF:F:\25june\PMQJava\src\main\webapp\app\entities\city\city.component.html
FNF:0
FNH:0
DA:1,11
LF:1
LH:1
BRF:0
BRH:0
end_of_record
TN:
SF:F:\25june\PMQJava\src\main\webapp\app\entities\city\city.component.ts
FN:20,(anonymous_0)
FN:27,(anonymous_1)
FN:31,(anonymous_2)
FN:32,(anonymous_3)
FN:35,(anonymous_4)
FN:38,(anonymous_5)
FN:42,(anonymous_6)
FN:44,(anonymous_7)
FN:50,(anonymous_8)
FN:54,(anonymous_9)
FN:58,(anonymous_10)
FN:59,(anonymous_11)
FN:62,(anonymous_12)
FNF:13
FNH:8
FNDA:1,(anonymous_0)
FNDA:1,(anonymous_1)
FNDA:1,(anonymous_2)
FNDA:1,(anonymous_3)
FNDA:1,(anonymous_4)
FNDA:0,(anonymous_5)
FNDA:1,(anonymous_6)
FNDA:1,(anonymous_7)
FNDA:0,(anonymous_8)
FNDA:0,(anonymous_9)
FNDA:1,(anonymous_10)
FNDA:0,(anonymous_11)
FNDA:0,(anonymous_12)
DA:1,11
DA:4,11
DA:5,11
DA:8,11
DA:9,11
DA:15,11
DA:21,1
DA:22,1
DA:23,1
DA:24,1
DA:28,1
DA:31,1
DA:32,1
DA:36,1
DA:38,0
DA:43,1
DA:44,1
DA:45,1
DA:47,1
DA:51,0
DA:55,0
DA:59,1
DA:63,0
LF:23
LH:19
BRF:0
BRH:0
end_of_record
TN:
SF:F:\25june\PMQJava\src\main\webapp\app\entities\city\city.route.ts
FN:17,(anonymous_0)
FN:19,(anonymous_1)
FN:23,(anonymous_2)
FN:24,(anonymous_3)
FNF:4
FNH:0
FNDA:0,(anonymous_0)
FNDA:0,(anonymous_1)
FNDA:0,(anonymous_2)
FNDA:0,(anonymous_3)
DA:1,10
DA:4,10
DA:5,10
DA:6,10
DA:7,10
DA:8,10
DA:9,10
DA:10,10
DA:11,10
DA:12,10
DA:16,10
DA:17,0
DA:20,0
DA:21,0
DA:22,0
DA:23,0
DA:24,0
DA:27,0
DA:31,10
DA:79,10
LF:20
LH:13
BRDA:20,0,0,0
BRDA:20,0,1,0
BRDA:21,1,0,0
BRDA:21,1,1,0
BRF:4
BRH:0
end_of_record
TN:
SF:F:\25june\PMQJava\src\main\webapp\app\entities\city\city.service.ts
FN:16,(anonymous_0)
FN:18,(anonymous_1)
FN:22,(anonymous_2)
FN:26,(anonymous_3)
FN:30,(anonymous_4)
FN:35,(anonymous_5)
FNF:6
FNH:6
FNDA:11,(anonymous_0)
FNDA:1,(anonymous_1)
FNDA:1,(anonymous_2)
FNDA:1,(anonymous_3)
FNDA:1,(anonymous_4)
FNDA:1,(anonymous_5)
DA:1,14
DA:2,14
DA:5,14
DA:6,14
DA:13,14
DA:14,11
DA:16,11
DA:19,1
DA:23,1
DA:27,1
DA:31,1
DA:32,1
DA:36,1
LF:13
LH:13
BRF:0
BRH:0
end_of_record
TN:
SF:F:\25june\PMQJava\src\main\webapp\app\entities\city\index.ts
FNF:0
FNH:0
DA:1,10
DA:2,10
DA:3,10
DA:4,10
DA:5,10
DA:6,10
LF:6
LH:6
BRF:0
BRH:0
end_of_record
TN:
SF:F:\25june\PMQJava\src\main\webapp\app\entities\company\company-delete-dialog.component.html
FNF:0
FNH:0
DA:1,9
LF:1
LH:1
BRF:0
BRH:0
end_of_record
TN:
SF:F:\25june\PMQJava\src\main\webapp\app\entities\company\company-delete-dialog.component.ts
FN:17,(anonymous_0)
FN:19,(anonymous_1)
FN:23,(anonymous_2)
FN:24,(anonymous_3)
FN:41,(anonymous_4)
FN:43,(anonymous_5)
FN:44,(anonymous_6)
FN:45,(anonymous_7)
FN:49,(anonymous_8)
FN:53,(anonymous_9)
FN:62,(anonymous_10)
FNF:11
FNH:3
FNDA:1,(anonymous_0)
FNDA:0,(anonymous_1)
FNDA:1,(anonymous_2)
FNDA:1,(anonymous_3)
FNDA:0,(anonymous_4)
FNDA:0,(anonymous_5)
FNDA:0,(anonymous_6)
FNDA:0,(anonymous_7)
FNDA:0,(anonymous_8)
FNDA:0,(anonymous_9)
FNDA:0,(anonymous_10)
DA:1,9
DA:2,9
DA:4,9
DA:5,9
DA:8,9
DA:14,9
DA:17,1
DA:20,0
DA:24,1
DA:25,1
DA:29,1
DA:38,9
DA:41,0
DA:44,0
DA:45,0
DA:46,0
DA:47,0
DA:48,0
DA:50,0
DA:51,0
DA:54,0
DA:55,0
DA:63,0
LF:23
LH:11
BRF:0
BRH:0
end_of_record
TN:
SF:F:\25june\PMQJava\src\main\webapp\app\entities\company\company-detail.component.html
FNF:0
FNH:0
DA:1,9
LF:1
LH:1
BRF:0
BRH:0
end_of_record
TN:
SF:F:\25june\PMQJava\src\main\webapp\app\entities\company\company-detail.component.ts
FN:13,(anonymous_0)
FN:15,(anonymous_1)
FN:16,(anonymous_2)
FN:21,(anonymous_3)
FNF:4
FNH:3
FNDA:1,(anonymous_0)
FNDA:1,(anonymous_1)
FNDA:1,(anonymous_2)
FNDA:0,(anonymous_3)
DA:1,9
DA:2,9
DA:10,9
DA:13,1
DA:16,1
DA:17,1
DA:22,0
LF:7
LH:6
BRF:0
BRH:0
end_of_record
TN:
SF:F:\25june\PMQJava\src\main\webapp\app\entities\company\company-update.component.html
FNF:0
FNH:0
DA:1,8
LF:1
LH:1
BRF:0
BRH:0
end_of_record
TN:
SF:F:\25june\PMQJava\src\main\webapp\app\entities\company\company-update.component.ts
FN:31,(anonymous_0)
FN:39,(anonymous_1)
FN:41,(anonymous_2)
FN:48,(anonymous_3)
FN:49,(anonymous_4)
FN:51,(anonymous_5)
FN:51,(anonymous_6)
FN:54,(anonymous_7)
FN:64,(anonymous_8)
FN:68,(anonymous_9)
FN:78,(anonymous_10)
FN:90,(anonymous_11)
FN:91,(anonymous_12)
FN:91,(anonymous_13)
FN:94,(anonymous_14)
FN:99,(anonymous_15)
FN:102,(anonymous_16)
FN:106,(anonymous_17)
FN:110,(anonymous_18)
FNF:19
FNH:8
FNDA:2,(anonymous_0)
FNDA:0,(anonymous_1)
FNDA:0,(anonymous_2)
FNDA:0,(anonymous_3)
FNDA:0,(anonymous_4)
FNDA:0,(anonymous_5)
FNDA:0,(anonymous_6)
FNDA:2,(anonymous_7)
FNDA:2,(anonymous_8)
FNDA:2,(anonymous_9)
FNDA:2,(anonymous_10)
FNDA:2,(anonymous_11)
FNDA:2,(anonymous_12)
FNDA:0,(anonymous_13)
FNDA:2,(anonymous_14)
FNDA:0,(anonymous_15)
FNDA:0,(anonymous_16)
FNDA:0,(anonymous_17)
FNDA:0,(anonymous_18)
DA:1,8
DA:3,8
DA:4,8
DA:6,8
DA:7,8
DA:8,8
DA:9,8
DA:11,8
DA:17,8
DA:23,2
DA:32,2
DA:33,2
DA:34,2
DA:35,2
DA:36,2
DA:40,0
DA:41,0
DA:42,0
DA:43,0
DA:45,0
DA:48,0
DA:49,0
DA:51,0
DA:55,2
DA:65,2
DA:69,2
DA:70,2
DA:71,2
DA:72,1
DA:74,1
DA:79,2
DA:87,2
DA:91,2
DA:95,2
DA:96,2
DA:100,0
DA:103,0
DA:107,0
DA:111,0
DA:112,0
DA:113,0
DA:114,0
DA:118,0
LF:43
LH:27
BRDA:71,0,0,1
BRDA:71,0,1,1
BRDA:111,1,0,0
BRDA:111,1,1,0
BRDA:113,2,0,0
BRDA:113,2,1,0
BRF:6
BRH:2
end_of_record
TN:
SF:F:\25june\PMQJava\src\main\webapp\app\entities\company\company.component.html
FNF:0
FNH:0
DA:1,9
LF:1
LH:1
BRF:0
BRH:0
end_of_record
TN:
SF:F:\25june\PMQJava\src\main\webapp\app\entities\company\company.component.ts
FN:20,(anonymous_0)
FN:27,(anonymous_1)
FN:31,(anonymous_2)
FN:32,(anonymous_3)
FN:35,(anonymous_4)
FN:38,(anonymous_5)
FN:42,(anonymous_6)
FN:44,(anonymous_7)
FN:50,(anonymous_8)
FN:54,(anonymous_9)
FN:58,(anonymous_10)
FN:59,(anonymous_11)
FN:62,(anonymous_12)
FNF:13
FNH:8
FNDA:1,(anonymous_0)
FNDA:1,(anonymous_1)
FNDA:1,(anonymous_2)
FNDA:1,(anonymous_3)
FNDA:1,(anonymous_4)
FNDA:0,(anonymous_5)
FNDA:1,(anonymous_6)
FNDA:1,(anonymous_7)
FNDA:0,(anonymous_8)
FNDA:0,(anonymous_9)
FNDA:1,(anonymous_10)
FNDA:0,(anonymous_11)
FNDA:0,(anonymous_12)
DA:1,9
DA:4,9
DA:5,9
DA:8,9
DA:9,9
DA:15,9
DA:21,1
DA:22,1
DA:23,1
DA:24,1
DA:28,1
DA:31,1
DA:32,1
DA:36,1
DA:38,0
DA:43,1
DA:44,1
DA:45,1
DA:47,1
DA:51,0
DA:55,0
DA:59,1
DA:63,0
LF:23
LH:19
BRF:0
BRH:0
end_of_record
TN:
SF:F:\25june\PMQJava\src\main\webapp\app\entities\company\company.route.ts
FN:17,(anonymous_0)
FN:19,(anonymous_1)
FN:23,(anonymous_2)
FN:24,(anonymous_3)
FNF:4
FNH:0
FNDA:0,(anonymous_0)
FNDA:0,(anonymous_1)
FNDA:0,(anonymous_2)
FNDA:0,(anonymous_3)
DA:1,8
DA:4,8
DA:5,8
DA:6,8
DA:7,8
DA:8,8
DA:9,8
DA:10,8
DA:11,8
DA:12,8
DA:16,8
DA:17,0
DA:20,0
DA:21,0
DA:22,0
DA:23,0
DA:24,0
DA:27,0
DA:31,8
DA:79,8
LF:20
LH:13
BRDA:20,0,0,0
BRDA:20,0,1,0
BRDA:21,1,0,0
BRDA:21,1,1,0
BRF:4
BRH:0
end_of_record
TN:
SF:F:\25june\PMQJava\src\main\webapp\app\entities\company\company.service.ts
FN:16,(anonymous_0)
FN:18,(anonymous_1)
FN:22,(anonymous_2)
FN:26,(anonymous_3)
FN:30,(anonymous_4)
FN:35,(anonymous_5)
FNF:6
FNH:6
FNDA:11,(anonymous_0)
FNDA:1,(anonymous_1)
FNDA:1,(anonymous_2)
FNDA:1,(anonymous_3)
FNDA:1,(anonymous_4)
FNDA:1,(anonymous_5)
DA:1,11
DA:2,11
DA:5,11
DA:6,11
DA:13,11
DA:14,11
DA:16,11
DA:19,1
DA:23,1
DA:27,1
DA:31,1
DA:32,1
DA:36,1
LF:13
LH:13
BRF:0
BRH:0
end_of_record
TN:
SF:F:\25june\PMQJava\src\main\webapp\app\entities\company\index.ts
FNF:0
FNH:0
DA:1,8
DA:2,8
DA:3,8
DA:4,8
DA:5,8
DA:6,8
LF:6
LH:6
BRF:0
BRH:0
end_of_record
TN:
SF:F:\25june\PMQJava\src\main\webapp\app\entities\country\country-delete-dialog.component.html
FNF:0
FNH:0
DA:1,11
LF:1
LH:1
BRF:0
BRH:0
end_of_record
TN:
SF:F:\25june\PMQJava\src\main\webapp\app\entities\country\country-delete-dialog.component.ts
FN:17,(anonymous_0)
FN:19,(anonymous_1)
FN:23,(anonymous_2)
FN:24,(anonymous_3)
FN:41,(anonymous_4)
FN:43,(anonymous_5)
FN:44,(anonymous_6)
FN:45,(anonymous_7)
FN:49,(anonymous_8)
FN:53,(anonymous_9)
FN:62,(anonymous_10)
FNF:11
FNH:3
FNDA:1,(anonymous_0)
FNDA:0,(anonymous_1)
FNDA:1,(anonymous_2)
FNDA:1,(anonymous_3)
FNDA:0,(anonymous_4)
FNDA:0,(anonymous_5)
FNDA:0,(anonymous_6)
FNDA:0,(anonymous_7)
FNDA:0,(anonymous_8)
FNDA:0,(anonymous_9)
FNDA:0,(anonymous_10)
DA:1,11
DA:2,11
DA:4,11
DA:5,11
DA:8,11
DA:14,11
DA:17,1
DA:20,0
DA:24,1
DA:25,1
DA:29,1
DA:38,11
DA:41,0
DA:44,0
DA:45,0
DA:46,0
DA:47,0
DA:48,0
DA:50,0
DA:51,0
DA:54,0
DA:55,0
DA:63,0
LF:23
LH:11
BRF:0
BRH:0
end_of_record
TN:
SF:F:\25june\PMQJava\src\main\webapp\app\entities\country\country-detail.component.html
FNF:0
FNH:0
DA:1,11
LF:1
LH:1
BRF:0
BRH:0
end_of_record
TN:
SF:F:\25june\PMQJava\src\main\webapp\app\entities\country\country-detail.component.ts
FN:13,(anonymous_0)
FN:15,(anonymous_1)
FN:16,(anonymous_2)
FN:21,(anonymous_3)
FNF:4
FNH:3
FNDA:1,(anonymous_0)
FNDA:1,(anonymous_1)
FNDA:1,(anonymous_2)
FNDA:0,(anonymous_3)
DA:1,11
DA:2,11
DA:10,11
DA:13,1
DA:16,1
DA:17,1
DA:22,0
LF:7
LH:6
BRF:0
BRH:0
end_of_record
TN:
SF:F:\25june\PMQJava\src\main\webapp\app\entities\country\country-update.component.html
FNF:0
FNH:0
DA:1,11
LF:1
LH:1
BRF:0
BRH:0
end_of_record
TN:
SF:F:\25june\PMQJava\src\main\webapp\app\entities\country\country-update.component.ts
FN:23,(anonymous_0)
FN:25,(anonymous_1)
FN:27,(anonymous_2)
FN:33,(anonymous_3)
FN:41,(anonymous_4)
FN:45,(anonymous_5)
FN:55,(anonymous_6)
FN:65,(anonymous_7)
FN:66,(anonymous_8)
FN:66,(anonymous_9)
FN:69,(anonymous_10)
FN:74,(anonymous_11)
FNF:12
FNH:8
FNDA:2,(anonymous_0)
FNDA:0,(anonymous_1)
FNDA:0,(anonymous_2)
FNDA:2,(anonymous_3)
FNDA:2,(anonymous_4)
FNDA:2,(anonymous_5)
FNDA:2,(anonymous_6)
FNDA:2,(anonymous_7)
FNDA:2,(anonymous_8)
FNDA:0,(anonymous_9)
FNDA:2,(anonymous_10)
FNDA:0,(anonymous_11)
DA:1,11
DA:3,11
DA:4,11
DA:6,11
DA:7,11
DA:13,11
DA:17,2
DA:23,2
DA:26,0
DA:27,0
DA:28,0
DA:29,0
DA:34,2
DA:42,2
DA:46,2
DA:47,2
DA:48,2
DA:49,1
DA:51,1
DA:56,2
DA:62,2
DA:66,2
DA:70,2
DA:71,2
DA:75,0
LF:25
LH:20
BRDA:48,0,0,1
BRDA:48,0,1,1
BRF:2
BRH:2
end_of_record
TN:
SF:F:\25june\PMQJava\src\main\webapp\app\entities\country\country.component.html
FNF:0
FNH:0
DA:1,11
LF:1
LH:1
BRF:0
BRH:0
end_of_record
TN:
SF:F:\25june\PMQJava\src\main\webapp\app\entities\country\country.component.ts
FN:20,(anonymous_0)
FN:27,(anonymous_1)
FN:31,(anonymous_2)
FN:32,(anonymous_3)
FN:35,(anonymous_4)
FN:38,(anonymous_5)
FN:42,(anonymous_6)
FN:44,(anonymous_7)
FN:50,(anonymous_8)
FN:54,(anonymous_9)
FN:58,(anonymous_10)
FN:59,(anonymous_11)
FN:62,(anonymous_12)
FNF:13
FNH:8
FNDA:1,(anonymous_0)
FNDA:1,(anonymous_1)
FNDA:1,(anonymous_2)
FNDA:1,(anonymous_3)
FNDA:1,(anonymous_4)
FNDA:0,(anonymous_5)
FNDA:1,(anonymous_6)
FNDA:1,(anonymous_7)
FNDA:0,(anonymous_8)
FNDA:0,(anonymous_9)
FNDA:1,(anonymous_10)
FNDA:0,(anonymous_11)
FNDA:0,(anonymous_12)
DA:1,11
DA:4,11
DA:5,11
DA:8,11
DA:9,11
DA:15,11
DA:21,1
DA:22,1
DA:23,1
DA:24,1
DA:28,1
DA:31,1
DA:32,1
DA:36,1
DA:38,0
DA:43,1
DA:44,1
DA:45,1
DA:47,1
DA:51,0
DA:55,0
DA:59,1
DA:63,0
LF:23
LH:19
BRF:0
BRH:0
end_of_record
TN:
SF:F:\25june\PMQJava\src\main\webapp\app\entities\country\country.route.ts
FN:17,(anonymous_0)
FN:19,(anonymous_1)
FN:23,(anonymous_2)
FN:24,(anonymous_3)
FNF:4
FNH:0
FNDA:0,(anonymous_0)
FNDA:0,(anonymous_1)
FNDA:0,(anonymous_2)
FNDA:0,(anonymous_3)
DA:1,10
DA:4,10
DA:5,10
DA:6,10
DA:7,10
DA:8,10
DA:9,10
DA:10,10
DA:11,10
DA:12,10
DA:16,10
DA:17,0
DA:20,0
DA:21,0
DA:22,0
DA:23,0
DA:24,0
DA:27,0
DA:31,10
DA:79,10
LF:20
LH:13
BRDA:20,0,0,0
BRDA:20,0,1,0
BRDA:21,1,0,0
BRDA:21,1,1,0
BRF:4
BRH:0
end_of_record
TN:
SF:F:\25june\PMQJava\src\main\webapp\app\entities\country\country.service.ts
FN:16,(anonymous_0)
FN:18,(anonymous_1)
FN:22,(anonymous_2)
FN:26,(anonymous_3)
FN:30,(anonymous_4)
FN:35,(anonymous_5)
FNF:6
FNH:6
FNDA:11,(anonymous_0)
FNDA:1,(anonymous_1)
FNDA:1,(anonymous_2)
FNDA:1,(anonymous_3)
FNDA:1,(anonymous_4)
FNDA:1,(anonymous_5)
DA:1,14
DA:2,14
DA:5,14
DA:6,14
DA:13,14
DA:14,11
DA:16,11
DA:19,1
DA:23,1
DA:27,1
DA:31,1
DA:32,1
DA:36,1
LF:13
LH:13
BRF:0
BRH:0
end_of_record
TN:
SF:F:\25june\PMQJava\src\main\webapp\app\entities\country\index.ts
FNF:0
FNH:0
DA:1,10
DA:2,10
DA:3,10
DA:4,10
DA:5,10
DA:6,10
LF:6
LH:6
BRF:0
BRH:0
end_of_record
TN:
SF:F:\25june\PMQJava\src\main\webapp\app\entities\department\department-delete-dialog.component.html
FNF:0
FNH:0
DA:1,11
LF:1
LH:1
BRF:0
BRH:0
end_of_record
TN:
SF:F:\25june\PMQJava\src\main\webapp\app\entities\department\department-delete-dialog.component.ts
FN:17,(anonymous_0)
FN:23,(anonymous_1)
FN:27,(anonymous_2)
FN:28,(anonymous_3)
FN:45,(anonymous_4)
FN:47,(anonymous_5)
FN:48,(anonymous_6)
FN:49,(anonymous_7)
FN:53,(anonymous_8)
FN:57,(anonymous_9)
FN:66,(anonymous_10)
FNF:11
FNH:3
FNDA:1,(anonymous_0)
FNDA:0,(anonymous_1)
FNDA:1,(anonymous_2)
FNDA:1,(anonymous_3)
FNDA:0,(anonymous_4)
FNDA:0,(anonymous_5)
FNDA:0,(anonymous_6)
FNDA:0,(anonymous_7)
FNDA:0,(anonymous_8)
FNDA:0,(anonymous_9)
FNDA:0,(anonymous_10)
DA:1,11
DA:2,11
DA:4,11
DA:5,11
DA:8,11
DA:14,11
DA:18,1
DA:19,1
DA:20,1
DA:24,0
DA:28,1
DA:29,1
DA:33,1
DA:42,11
DA:45,0
DA:48,0
DA:49,0
DA:50,0
DA:51,0
DA:52,0
DA:54,0
DA:55,0
DA:58,0
DA:59,0
DA:67,0
LF:25
LH:13
BRF:0
BRH:0
end_of_record
TN:
SF:F:\25june\PMQJava\src\main\webapp\app\entities\department\department-detail.component.html
FNF:0
FNH:0
DA:1,11
LF:1
LH:1
BRF:0
BRH:0
end_of_record
TN:
SF:F:\25june\PMQJava\src\main\webapp\app\entities\department\department-detail.component.ts
FN:13,(anonymous_0)
FN:15,(anonymous_1)
FN:16,(anonymous_2)
FN:21,(anonymous_3)
FNF:4
FNH:3
FNDA:1,(anonymous_0)
FNDA:1,(anonymous_1)
FNDA:1,(anonymous_2)
FNDA:0,(anonymous_3)
DA:1,11
DA:2,11
DA:10,11
DA:13,1
DA:16,1
DA:17,1
DA:22,0
LF:7
LH:6
BRF:0
BRH:0
end_of_record
TN:
SF:F:\25june\PMQJava\src\main\webapp\app\entities\department\department-update.component.html
FNF:0
FNH:0
DA:1,11
LF:1
LH:1
BRF:0
BRH:0
end_of_record
TN:
SF:F:\25june\PMQJava\src\main\webapp\app\entities\department\department-update.component.ts
FN:23,(anonymous_0)
FN:25,(anonymous_1)
FN:27,(anonymous_2)
FN:33,(anonymous_3)
FN:41,(anonymous_4)
FN:45,(anonymous_5)
FN:55,(anonymous_6)
FN:65,(anonymous_7)
FN:66,(anonymous_8)
FN:66,(anonymous_9)
FN:69,(anonymous_10)
FN:74,(anonymous_11)
FNF:12
FNH:8
FNDA:2,(anonymous_0)
FNDA:0,(anonymous_1)
FNDA:0,(anonymous_2)
FNDA:2,(anonymous_3)
FNDA:2,(anonymous_4)
FNDA:2,(anonymous_5)
FNDA:2,(anonymous_6)
FNDA:2,(anonymous_7)
FNDA:2,(anonymous_8)
FNDA:0,(anonymous_9)
FNDA:2,(anonymous_10)
FNDA:0,(anonymous_11)
DA:1,11
DA:3,11
DA:4,11
DA:6,11
DA:7,11
DA:13,11
DA:17,2
DA:23,2
DA:26,0
DA:27,0
DA:28,0
DA:29,0
DA:34,2
DA:42,2
DA:46,2
DA:47,2
DA:48,2
DA:49,1
DA:51,1
DA:56,2
DA:62,2
DA:66,2
DA:70,2
DA:71,2
DA:75,0
LF:25
LH:20
BRDA:48,0,0,1
BRDA:48,0,1,1
BRF:2
BRH:2
end_of_record
TN:
SF:F:\25june\PMQJava\src\main\webapp\app\entities\department\department.component.html
FNF:0
FNH:0
DA:1,11
LF:1
LH:1
BRF:0
BRH:0
end_of_record
TN:
SF:F:\25june\PMQJava\src\main\webapp\app\entities\department\department.component.ts
FN:20,(anonymous_0)
FN:27,(anonymous_1)
FN:31,(anonymous_2)
FN:32,(anonymous_3)
FN:35,(anonymous_4)
FN:38,(anonymous_5)
FN:42,(anonymous_6)
FN:44,(anonymous_7)
FN:50,(anonymous_8)
FN:54,(anonymous_9)
FN:58,(anonymous_10)
FN:59,(anonymous_11)
FN:62,(anonymous_12)
FNF:13
FNH:8
FNDA:1,(anonymous_0)
FNDA:1,(anonymous_1)
FNDA:1,(anonymous_2)
FNDA:1,(anonymous_3)
FNDA:1,(anonymous_4)
FNDA:0,(anonymous_5)
FNDA:1,(anonymous_6)
FNDA:1,(anonymous_7)
FNDA:0,(anonymous_8)
FNDA:0,(anonymous_9)
FNDA:1,(anonymous_10)
FNDA:0,(anonymous_11)
FNDA:0,(anonymous_12)
DA:1,11
DA:4,11
DA:5,11
DA:8,11
DA:9,11
DA:15,11
DA:21,1
DA:22,1
DA:23,1
DA:24,1
DA:28,1
DA:31,1
DA:32,1
DA:36,1
DA:38,0
DA:43,1
DA:44,1
DA:45,1
DA:47,1
DA:51,0
DA:55,0
DA:59,1
DA:63,0
LF:23
LH:19
BRF:0
BRH:0
end_of_record
TN:
SF:F:\25june\PMQJava\src\main\webapp\app\entities\department\department.route.ts
FN:17,(anonymous_0)
FN:19,(anonymous_1)
FN:23,(anonymous_2)
FN:24,(anonymous_3)
FNF:4
FNH:0
FNDA:0,(anonymous_0)
FNDA:0,(anonymous_1)
FNDA:0,(anonymous_2)
FNDA:0,(anonymous_3)
DA:1,10
DA:4,10
DA:5,10
DA:6,10
DA:7,10
DA:8,10
DA:9,10
DA:10,10
DA:11,10
DA:12,10
DA:16,10
DA:17,0
DA:20,0
DA:21,0
DA:22,0
DA:23,0
DA:24,0
DA:27,0
DA:31,10
DA:79,10
LF:20
LH:13
BRDA:20,0,0,0
BRDA:20,0,1,0
BRDA:21,1,0,0
BRDA:21,1,1,0
BRF:4
BRH:0
end_of_record
TN:
SF:F:\25june\PMQJava\src\main\webapp\app\entities\department\department.service.ts
FN:16,(anonymous_0)
FN:18,(anonymous_1)
FN:22,(anonymous_2)
FN:26,(anonymous_3)
FN:30,(anonymous_4)
FN:35,(anonymous_5)
FNF:6
FNH:6
FNDA:11,(anonymous_0)
FNDA:1,(anonymous_1)
FNDA:1,(anonymous_2)
FNDA:1,(anonymous_3)
FNDA:1,(anonymous_4)
FNDA:1,(anonymous_5)
DA:1,14
DA:2,14
DA:5,14
DA:6,14
DA:13,14
DA:14,11
DA:16,11
DA:19,1
DA:23,1
DA:27,1
DA:31,1
DA:32,1
DA:36,1
LF:13
LH:13
BRF:0
BRH:0
end_of_record
TN:
SF:F:\25june\PMQJava\src\main\webapp\app\entities\department\index.ts
FNF:0
FNH:0
DA:1,10
DA:2,10
DA:3,10
DA:4,10
DA:5,10
DA:6,10
LF:6
LH:6
BRF:0
BRH:0
end_of_record
TN:
SF:F:\25june\PMQJava\src\main\webapp\app\entities\employee-status\employee-status-delete-dialog.component.html
FNF:0
FNH:0
DA:1,11
LF:1
LH:1
BRF:0
BRH:0
end_of_record
TN:
SF:F:\25june\PMQJava\src\main\webapp\app\entities\employee-status\employee-status-delete-dialog.component.ts
FN:17,(anonymous_0)
FN:23,(anonymous_1)
FN:27,(anonymous_2)
FN:28,(anonymous_3)
FN:45,(anonymous_4)
FN:47,(anonymous_5)
FN:48,(anonymous_6)
FN:49,(anonymous_7)
FN:53,(anonymous_8)
FN:57,(anonymous_9)
FN:66,(anonymous_10)
FNF:11
FNH:3
FNDA:1,(anonymous_0)
FNDA:0,(anonymous_1)
FNDA:1,(anonymous_2)
FNDA:1,(anonymous_3)
FNDA:0,(anonymous_4)
FNDA:0,(anonymous_5)
FNDA:0,(anonymous_6)
FNDA:0,(anonymous_7)
FNDA:0,(anonymous_8)
FNDA:0,(anonymous_9)
FNDA:0,(anonymous_10)
DA:1,11
DA:2,11
DA:4,11
DA:5,11
DA:8,11
DA:14,11
DA:18,1
DA:19,1
DA:20,1
DA:24,0
DA:28,1
DA:29,1
DA:33,1
DA:42,11
DA:45,0
DA:48,0
DA:49,0
DA:50,0
DA:51,0
DA:52,0
DA:54,0
DA:55,0
DA:58,0
DA:59,0
DA:67,0
LF:25
LH:13
BRF:0
BRH:0
end_of_record
TN:
SF:F:\25june\PMQJava\src\main\webapp\app\entities\employee-status\employee-status-detail.component.html
FNF:0
FNH:0
DA:1,11
LF:1
LH:1
BRF:0
BRH:0
end_of_record
TN:
SF:F:\25june\PMQJava\src\main\webapp\app\entities\employee-status\employee-status-detail.component.ts
FN:13,(anonymous_0)
FN:15,(anonymous_1)
FN:16,(anonymous_2)
FN:21,(anonymous_3)
FNF:4
FNH:3
FNDA:1,(anonymous_0)
FNDA:1,(anonymous_1)
FNDA:1,(anonymous_2)
FNDA:0,(anonymous_3)
DA:1,11
DA:2,11
DA:10,11
DA:13,1
DA:16,1
DA:17,1
DA:22,0
LF:7
LH:6
BRF:0
BRH:0
end_of_record
TN:
SF:F:\25june\PMQJava\src\main\webapp\app\entities\employee-status\employee-status-update.component.html
FNF:0
FNH:0
DA:1,11
LF:1
LH:1
BRF:0
BRH:0
end_of_record
TN:
SF:F:\25june\PMQJava\src\main\webapp\app\entities\employee-status\employee-status-update.component.ts
FN:23,(anonymous_0)
FN:25,(anonymous_1)
FN:27,(anonymous_2)
FN:33,(anonymous_3)
FN:41,(anonymous_4)
FN:45,(anonymous_5)
FN:55,(anonymous_6)
FN:65,(anonymous_7)
FN:66,(anonymous_8)
FN:66,(anonymous_9)
FN:69,(anonymous_10)
FN:74,(anonymous_11)
FNF:12
FNH:8
FNDA:2,(anonymous_0)
FNDA:0,(anonymous_1)
FNDA:0,(anonymous_2)
FNDA:2,(anonymous_3)
FNDA:2,(anonymous_4)
FNDA:2,(anonymous_5)
FNDA:2,(anonymous_6)
FNDA:2,(anonymous_7)
FNDA:2,(anonymous_8)
FNDA:0,(anonymous_9)
FNDA:2,(anonymous_10)
FNDA:0,(anonymous_11)
DA:1,11
DA:3,11
DA:4,11
DA:6,11
DA:7,11
DA:13,11
DA:17,2
DA:23,2
DA:26,0
DA:27,0
DA:28,0
DA:29,0
DA:34,2
DA:42,2
DA:46,2
DA:47,2
DA:48,2
DA:49,1
DA:51,1
DA:56,2
DA:62,2
DA:66,2
DA:70,2
DA:71,2
DA:75,0
LF:25
LH:20
BRDA:48,0,0,1
BRDA:48,0,1,1
BRF:2
BRH:2
end_of_record
TN:
SF:F:\25june\PMQJava\src\main\webapp\app\entities\employee-status\employee-status.component.html
FNF:0
FNH:0
DA:1,11
LF:1
LH:1
BRF:0
BRH:0
end_of_record
TN:
SF:F:\25june\PMQJava\src\main\webapp\app\entities\employee-status\employee-status.component.ts
FN:20,(anonymous_0)
FN:27,(anonymous_1)
FN:31,(anonymous_2)
FN:32,(anonymous_3)
FN:35,(anonymous_4)
FN:38,(anonymous_5)
FN:42,(anonymous_6)
FN:44,(anonymous_7)
FN:50,(anonymous_8)
FN:54,(anonymous_9)
FN:58,(anonymous_10)
FN:59,(anonymous_11)
FN:62,(anonymous_12)
FNF:13
FNH:8
FNDA:1,(anonymous_0)
FNDA:1,(anonymous_1)
FNDA:1,(anonymous_2)
FNDA:1,(anonymous_3)
FNDA:1,(anonymous_4)
FNDA:0,(anonymous_5)
FNDA:1,(anonymous_6)
FNDA:1,(anonymous_7)
FNDA:0,(anonymous_8)
FNDA:0,(anonymous_9)
FNDA:1,(anonymous_10)
FNDA:0,(anonymous_11)
FNDA:0,(anonymous_12)
DA:1,11
DA:4,11
DA:5,11
DA:8,11
DA:9,11
DA:15,11
DA:21,1
DA:22,1
DA:23,1
DA:24,1
DA:28,1
DA:31,1
DA:32,1
DA:36,1
DA:38,0
DA:43,1
DA:44,1
DA:45,1
DA:47,1
DA:51,0
DA:55,0
DA:59,1
DA:63,0
LF:23
LH:19
BRF:0
BRH:0
end_of_record
TN:
SF:F:\25june\PMQJava\src\main\webapp\app\entities\employee-status\employee-status.route.ts
FN:17,(anonymous_0)
FN:19,(anonymous_1)
FN:23,(anonymous_2)
FN:24,(anonymous_3)
FNF:4
FNH:0
FNDA:0,(anonymous_0)
FNDA:0,(anonymous_1)
FNDA:0,(anonymous_2)
FNDA:0,(anonymous_3)
DA:1,10
DA:4,10
DA:5,10
DA:6,10
DA:7,10
DA:8,10
DA:9,10
DA:10,10
DA:11,10
DA:12,10
DA:16,10
DA:17,0
DA:20,0
DA:21,0
DA:22,0
DA:23,0
DA:24,0
DA:27,0
DA:31,10
DA:79,10
LF:20
LH:13
BRDA:20,0,0,0
BRDA:20,0,1,0
BRDA:21,1,0,0
BRDA:21,1,1,0
BRF:4
BRH:0
end_of_record
TN:
SF:F:\25june\PMQJava\src\main\webapp\app\entities\employee-status\employee-status.service.ts
FN:16,(anonymous_0)
FN:18,(anonymous_1)
FN:22,(anonymous_2)
FN:26,(anonymous_3)
FN:30,(anonymous_4)
FN:35,(anonymous_5)
FNF:6
FNH:6
FNDA:11,(anonymous_0)
FNDA:1,(anonymous_1)
FNDA:1,(anonymous_2)
FNDA:1,(anonymous_3)
FNDA:1,(anonymous_4)
FNDA:1,(anonymous_5)
DA:1,14
DA:2,14
DA:5,14
DA:6,14
DA:13,14
DA:14,11
DA:16,11
DA:19,1
DA:23,1
DA:27,1
DA:31,1
DA:32,1
DA:36,1
LF:13
LH:13
BRF:0
BRH:0
end_of_record
TN:
SF:F:\25june\PMQJava\src\main\webapp\app\entities\employee-status\index.ts
FNF:0
FNH:0
DA:1,10
DA:2,10
DA:3,10
DA:4,10
DA:5,10
DA:6,10
LF:6
LH:6
BRF:0
BRH:0
end_of_record
TN:
SF:F:\25june\PMQJava\src\main\webapp\app\entities\file-storage\file-storage-delete-dialog.component.html
FNF:0
FNH:0
DA:1,1
LF:1
LH:1
BRF:0
BRH:0
end_of_record
TN:
SF:F:\25june\PMQJava\src\main\webapp\app\entities\file-storage\file-storage-delete-dialog.component.ts
FN:17,(anonymous_0)
FN:23,(anonymous_1)
FN:27,(anonymous_2)
FN:28,(anonymous_3)
FN:45,(anonymous_4)
FN:47,(anonymous_5)
FN:48,(anonymous_6)
FN:49,(anonymous_7)
FN:53,(anonymous_8)
FN:57,(anonymous_9)
FN:66,(anonymous_10)
FNF:11
FNH:3
FNDA:1,(anonymous_0)
FNDA:0,(anonymous_1)
FNDA:1,(anonymous_2)
FNDA:1,(anonymous_3)
FNDA:0,(anonymous_4)
FNDA:0,(anonymous_5)
FNDA:0,(anonymous_6)
FNDA:0,(anonymous_7)
FNDA:0,(anonymous_8)
FNDA:0,(anonymous_9)
FNDA:0,(anonymous_10)
DA:1,1
DA:2,1
DA:4,1
DA:5,1
DA:8,1
DA:14,1
DA:18,1
DA:19,1
DA:20,1
DA:24,0
DA:28,1
DA:29,1
DA:33,1
DA:42,1
DA:45,0
DA:48,0
DA:49,0
DA:50,0
DA:51,0
DA:52,0
DA:54,0
DA:55,0
DA:58,0
DA:59,0
DA:67,0
LF:25
LH:13
BRF:0
BRH:0
end_of_record
TN:
SF:F:\25june\PMQJava\src\main\webapp\app\entities\file-storage\file-storage-detail.component.html
FNF:0
FNH:0
DA:1,1
LF:1
LH:1
BRF:0
BRH:0
end_of_record
TN:
SF:F:\25june\PMQJava\src\main\webapp\app\entities\file-storage\file-storage-detail.component.ts
FN:13,(anonymous_0)
FN:15,(anonymous_1)
FN:16,(anonymous_2)
FN:21,(anonymous_3)
FNF:4
FNH:3
FNDA:1,(anonymous_0)
FNDA:1,(anonymous_1)
FNDA:1,(anonymous_2)
FNDA:0,(anonymous_3)
DA:1,1
DA:2,1
DA:10,1
DA:13,1
DA:16,1
DA:17,1
DA:22,0
LF:7
LH:6
BRF:0
BRH:0
end_of_record
TN:
SF:F:\25june\PMQJava\src\main\webapp\app\entities\file-storage\file-storage-update.component.html
FNF:0
FNH:0
DA:1,1
LF:1
LH:1
BRF:0
BRH:0
end_of_record
TN:
SF:F:\25june\PMQJava\src\main\webapp\app\entities\file-storage\file-storage-update.component.ts
FN:35,(anonymous_0)
FN:44,(anonymous_1)
FN:46,(anonymous_2)
FN:53,(anonymous_3)
FN:54,(anonymous_4)
FN:56,(anonymous_5)
FN:56,(anonymous_6)
FN:60,(anonymous_7)
FN:61,(anonymous_8)
FN:63,(anonymous_9)
FN:63,(anonymous_10)
FN:66,(anonymous_11)
FN:76,(anonymous_12)
FN:80,(anonymous_13)
FN:90,(anonymous_14)
FN:102,(anonymous_15)
FN:103,(anonymous_16)
FN:103,(anonymous_17)
FN:106,(anonymous_18)
FN:111,(anonymous_19)
FN:114,(anonymous_20)
FN:118,(anonymous_21)
FN:122,(anonymous_22)
FNF:23
FNH:8
FNDA:2,(anonymous_0)
FNDA:0,(anonymous_1)
FNDA:0,(anonymous_2)
FNDA:0,(anonymous_3)
FNDA:0,(anonymous_4)
FNDA:0,(anonymous_5)
FNDA:0,(anonymous_6)
FNDA:0,(anonymous_7)
FNDA:0,(anonymous_8)
FNDA:0,(anonymous_9)
FNDA:0,(anonymous_10)
FNDA:2,(anonymous_11)
FNDA:2,(anonymous_12)
FNDA:2,(anonymous_13)
FNDA:2,(anonymous_14)
FNDA:2,(anonymous_15)
FNDA:2,(anonymous_16)
FNDA:0,(anonymous_17)
FNDA:2,(anonymous_18)
FNDA:0,(anonymous_19)
FNDA:0,(anonymous_20)
FNDA:0,(anonymous_21)
FNDA:0,(anonymous_22)
DA:1,1
DA:3,1
DA:4,1
DA:6,1
DA:7,1
DA:8,1
DA:9,1
DA:11,1
DA:13,1
DA:19,1
DA:27,2
DA:36,2
DA:37,2
DA:38,2
DA:39,2
DA:40,2
DA:41,2
DA:45,0
DA:46,0
DA:47,0
DA:48,0
DA:50,0
DA:53,0
DA:54,0
DA:56,0
DA:57,0
DA:60,0
DA:61,0
DA:63,0
DA:67,2
DA:77,2
DA:81,2
DA:82,2
DA:83,2
DA:84,1
DA:86,1
DA:91,2
DA:99,2
DA:103,2
DA:107,2
DA:108,2
DA:112,0
DA:115,0
DA:119,0
DA:123,0
LF:45
LH:29
BRDA:83,0,0,1
BRDA:83,0,1,1
BRF:2
BRH:2
end_of_record
TN:
SF:F:\25june\PMQJava\src\main\webapp\app\entities\file-storage\file-storage.component.html
FNF:0
FNH:0
DA:1,1
LF:1
LH:1
BRF:0
BRH:0
end_of_record
TN:
SF:F:\25june\PMQJava\src\main\webapp\app\entities\file-storage\file-storage.component.ts
FN:20,(anonymous_0)
FN:27,(anonymous_1)
FN:31,(anonymous_2)
FN:32,(anonymous_3)
FN:35,(anonymous_4)
FN:38,(anonymous_5)
FN:42,(anonymous_6)
FN:44,(anonymous_7)
FN:50,(anonymous_8)
FN:54,(anonymous_9)
FN:58,(anonymous_10)
FN:59,(anonymous_11)
FN:62,(anonymous_12)
FNF:13
FNH:8
FNDA:1,(anonymous_0)
FNDA:1,(anonymous_1)
FNDA:1,(anonymous_2)
FNDA:1,(anonymous_3)
FNDA:1,(anonymous_4)
FNDA:0,(anonymous_5)
FNDA:1,(anonymous_6)
FNDA:1,(anonymous_7)
FNDA:0,(anonymous_8)
FNDA:0,(anonymous_9)
FNDA:1,(anonymous_10)
FNDA:0,(anonymous_11)
FNDA:0,(anonymous_12)
DA:1,1
DA:4,1
DA:5,1
DA:8,1
DA:9,1
DA:15,1
DA:21,1
DA:22,1
DA:23,1
DA:24,1
DA:28,1
DA:31,1
DA:32,1
DA:36,1
DA:38,0
DA:43,1
DA:44,1
DA:45,1
DA:47,1
DA:51,0
DA:55,0
DA:59,1
DA:63,0
LF:23
LH:19
BRF:0
BRH:0
end_of_record
TN:
SF:F:\25june\PMQJava\src\main\webapp\app\entities\file-storage\file-storage.service.ts
FN:16,(anonymous_0)
FN:18,(anonymous_1)
FN:22,(anonymous_2)
FN:26,(anonymous_3)
FN:30,(anonymous_4)
FN:35,(anonymous_5)
FNF:6
FNH:6
FNDA:9,(anonymous_0)
FNDA:1,(anonymous_1)
FNDA:1,(anonymous_2)
FNDA:1,(anonymous_3)
FNDA:1,(anonymous_4)
FNDA:1,(anonymous_5)
DA:1,4
DA:2,4
DA:5,4
DA:6,4
DA:13,4
DA:14,9
DA:16,9
DA:19,1
DA:23,1
DA:27,1
DA:31,1
DA:32,1
DA:36,1
LF:13
LH:13
BRF:0
BRH:0
end_of_record
TN:
SF:F:\25june\PMQJava\src\main\webapp\app\entities\group-members\group-members-delete-dialog.component.html
FNF:0
FNH:0
DA:1,11
LF:1
LH:1
BRF:0
BRH:0
end_of_record
TN:
SF:F:\25june\PMQJava\src\main\webapp\app\entities\group-members\group-members-delete-dialog.component.ts
FN:17,(anonymous_0)
FN:23,(anonymous_1)
FN:27,(anonymous_2)
FN:28,(anonymous_3)
FN:45,(anonymous_4)
FN:47,(anonymous_5)
FN:48,(anonymous_6)
FN:49,(anonymous_7)
FN:53,(anonymous_8)
FN:57,(anonymous_9)
FN:66,(anonymous_10)
FNF:11
FNH:3
FNDA:1,(anonymous_0)
FNDA:0,(anonymous_1)
FNDA:1,(anonymous_2)
FNDA:1,(anonymous_3)
FNDA:0,(anonymous_4)
FNDA:0,(anonymous_5)
FNDA:0,(anonymous_6)
FNDA:0,(anonymous_7)
FNDA:0,(anonymous_8)
FNDA:0,(anonymous_9)
FNDA:0,(anonymous_10)
DA:1,11
DA:2,11
DA:4,11
DA:5,11
DA:8,11
DA:14,11
DA:18,1
DA:19,1
DA:20,1
DA:24,0
DA:28,1
DA:29,1
DA:33,1
DA:42,11
DA:45,0
DA:48,0
DA:49,0
DA:50,0
DA:51,0
DA:52,0
DA:54,0
DA:55,0
DA:58,0
DA:59,0
DA:67,0
LF:25
LH:13
BRF:0
BRH:0
end_of_record
TN:
SF:F:\25june\PMQJava\src\main\webapp\app\entities\group-members\group-members-detail.component.html
FNF:0
FNH:0
DA:1,11
LF:1
LH:1
BRF:0
BRH:0
end_of_record
TN:
SF:F:\25june\PMQJava\src\main\webapp\app\entities\group-members\group-members-detail.component.ts
FN:13,(anonymous_0)
FN:15,(anonymous_1)
FN:16,(anonymous_2)
FN:21,(anonymous_3)
FNF:4
FNH:3
FNDA:1,(anonymous_0)
FNDA:1,(anonymous_1)
FNDA:1,(anonymous_2)
FNDA:0,(anonymous_3)
DA:1,11
DA:2,11
DA:10,11
DA:13,1
DA:16,1
DA:17,1
DA:22,0
LF:7
LH:6
BRF:0
BRH:0
end_of_record
TN:
SF:F:\25june\PMQJava\src\main\webapp\app\entities\group-members\group-members-update.component.html
FNF:0
FNH:0
DA:1,10
LF:1
LH:1
BRF:0
BRH:0
end_of_record
TN:
SF:F:\25june\PMQJava\src\main\webapp\app\entities\group-members\group-members-update.component.ts
FN:35,(anonymous_0)
FN:44,(anonymous_1)
FN:46,(anonymous_2)
FN:53,(anonymous_3)
FN:54,(anonymous_4)
FN:56,(anonymous_5)
FN:56,(anonymous_6)
FN:60,(anonymous_7)
FN:61,(anonymous_8)
FN:63,(anonymous_9)
FN:63,(anonymous_10)
FN:66,(anonymous_11)
FN:76,(anonymous_12)
FN:80,(anonymous_13)
FN:90,(anonymous_14)
FN:102,(anonymous_15)
FN:103,(anonymous_16)
FN:103,(anonymous_17)
FN:106,(anonymous_18)
FN:111,(anonymous_19)
FN:114,(anonymous_20)
FN:118,(anonymous_21)
FN:122,(anonymous_22)
FN:126,(anonymous_23)
FNF:24
FNH:8
FNDA:2,(anonymous_0)
FNDA:0,(anonymous_1)
FNDA:0,(anonymous_2)
FNDA:0,(anonymous_3)
FNDA:0,(anonymous_4)
FNDA:0,(anonymous_5)
FNDA:0,(anonymous_6)
FNDA:0,(anonymous_7)
FNDA:0,(anonymous_8)
FNDA:0,(anonymous_9)
FNDA:0,(anonymous_10)
FNDA:2,(anonymous_11)
FNDA:2,(anonymous_12)
FNDA:2,(anonymous_13)
FNDA:2,(anonymous_14)
FNDA:2,(anonymous_15)
FNDA:2,(anonymous_16)
FNDA:0,(anonymous_17)
FNDA:2,(anonymous_18)
FNDA:0,(anonymous_19)
FNDA:0,(anonymous_20)
FNDA:0,(anonymous_21)
FNDA:0,(anonymous_22)
FNDA:0,(anonymous_23)
DA:1,10
DA:3,10
DA:4,10
DA:6,10
DA:7,10
DA:8,10
DA:9,10
DA:11,10
DA:13,10
DA:19,10
DA:27,2
DA:36,2
DA:37,2
DA:38,2
DA:39,2
DA:40,2
DA:41,2
DA:45,0
DA:46,0
DA:47,0
DA:48,0
DA:50,0
DA:53,0
DA:54,0
DA:56,0
DA:57,0
DA:60,0
DA:61,0
DA:63,0
DA:67,2
DA:77,2
DA:81,2
DA:82,2
DA:83,2
DA:84,1
DA:86,1
DA:91,2
DA:99,2
DA:103,2
DA:107,2
DA:108,2
DA:112,0
DA:115,0
DA:119,0
DA:123,0
DA:127,0
DA:128,0
DA:129,0
DA:130,0
DA:134,0
LF:50
LH:29
BRDA:83,0,0,1
BRDA:83,0,1,1
BRDA:127,1,0,0
BRDA:127,1,1,0
BRDA:129,2,0,0
BRDA:129,2,1,0
BRF:6
BRH:2
end_of_record
TN:
SF:F:\25june\PMQJava\src\main\webapp\app\entities\group-members\group-members.component.html
FNF:0
FNH:0
DA:1,11
LF:1
LH:1
BRF:0
BRH:0
end_of_record
TN:
SF:F:\25june\PMQJava\src\main\webapp\app\entities\group-members\group-members.component.ts
FN:20,(anonymous_0)
FN:27,(anonymous_1)
FN:31,(anonymous_2)
FN:32,(anonymous_3)
FN:35,(anonymous_4)
FN:38,(anonymous_5)
FN:42,(anonymous_6)
FN:44,(anonymous_7)
FN:50,(anonymous_8)
FN:54,(anonymous_9)
FN:58,(anonymous_10)
FN:59,(anonymous_11)
FN:62,(anonymous_12)
FNF:13
FNH:8
FNDA:1,(anonymous_0)
FNDA:1,(anonymous_1)
FNDA:1,(anonymous_2)
FNDA:1,(anonymous_3)
FNDA:1,(anonymous_4)
FNDA:0,(anonymous_5)
FNDA:1,(anonymous_6)
FNDA:1,(anonymous_7)
FNDA:0,(anonymous_8)
FNDA:0,(anonymous_9)
FNDA:1,(anonymous_10)
FNDA:0,(anonymous_11)
FNDA:0,(anonymous_12)
DA:1,11
DA:4,11
DA:5,11
DA:8,11
DA:9,11
DA:15,11
DA:21,1
DA:22,1
DA:23,1
DA:24,1
DA:28,1
DA:31,1
DA:32,1
DA:36,1
DA:38,0
DA:43,1
DA:44,1
DA:45,1
DA:47,1
DA:51,0
DA:55,0
DA:59,1
DA:63,0
LF:23
LH:19
BRF:0
BRH:0
end_of_record
TN:
SF:F:\25june\PMQJava\src\main\webapp\app\entities\group-members\group-members.route.ts
FN:17,(anonymous_0)
FN:19,(anonymous_1)
FN:23,(anonymous_2)
FN:24,(anonymous_3)
FNF:4
FNH:0
FNDA:0,(anonymous_0)
FNDA:0,(anonymous_1)
FNDA:0,(anonymous_2)
FNDA:0,(anonymous_3)
DA:1,10
DA:4,10
DA:5,10
DA:6,10
DA:7,10
DA:8,10
DA:9,10
DA:10,10
DA:11,10
DA:12,10
DA:16,10
DA:17,0
DA:20,0
DA:21,0
DA:22,0
DA:23,0
DA:24,0
DA:27,0
DA:31,10
DA:79,10
LF:20
LH:13
BRDA:20,0,0,0
BRDA:20,0,1,0
BRDA:21,1,0,0
BRDA:21,1,1,0
BRF:4
BRH:0
end_of_record
TN:
SF:F:\25june\PMQJava\src\main\webapp\app\entities\group-members\group-members.service.ts
FN:16,(anonymous_0)
FN:18,(anonymous_1)
FN:22,(anonymous_2)
FN:26,(anonymous_3)
FN:30,(anonymous_4)
FN:35,(anonymous_5)
FNF:6
FNH:6
FNDA:13,(anonymous_0)
FNDA:1,(anonymous_1)
FNDA:1,(anonymous_2)
FNDA:1,(anonymous_3)
FNDA:1,(anonymous_4)
FNDA:1,(anonymous_5)
DA:1,13
DA:2,13
DA:5,13
DA:6,13
DA:13,13
DA:14,13
DA:16,13
DA:19,1
DA:23,1
DA:27,1
DA:31,1
DA:32,1
DA:36,1
LF:13
LH:13
BRF:0
BRH:0
end_of_record
TN:
SF:F:\25june\PMQJava\src\main\webapp\app\entities\group-members\index.ts
FNF:0
FNH:0
DA:1,10
DA:2,10
DA:3,10
DA:4,10
DA:5,10
DA:6,10
LF:6
LH:6
BRF:0
BRH:0
end_of_record
TN:
SF:F:\25june\PMQJava\src\main\webapp\app\entities\im-employee\im-employee-delete-dialog.component.html
FNF:0
FNH:0
DA:1,11
LF:1
LH:1
BRF:0
BRH:0
end_of_record
TN:
SF:F:\25june\PMQJava\src\main\webapp\app\entities\im-employee\im-employee-delete-dialog.component.ts
FN:17,(anonymous_0)
FN:23,(anonymous_1)
FN:27,(anonymous_2)
FN:28,(anonymous_3)
FN:45,(anonymous_4)
FN:47,(anonymous_5)
FN:48,(anonymous_6)
FN:49,(anonymous_7)
FN:53,(anonymous_8)
FN:57,(anonymous_9)
FN:66,(anonymous_10)
FNF:11
FNH:3
FNDA:1,(anonymous_0)
FNDA:0,(anonymous_1)
FNDA:1,(anonymous_2)
FNDA:1,(anonymous_3)
FNDA:0,(anonymous_4)
FNDA:0,(anonymous_5)
FNDA:0,(anonymous_6)
FNDA:0,(anonymous_7)
FNDA:0,(anonymous_8)
FNDA:0,(anonymous_9)
FNDA:0,(anonymous_10)
DA:1,11
DA:2,11
DA:4,11
DA:5,11
DA:8,11
DA:14,11
DA:18,1
DA:19,1
DA:20,1
DA:24,0
DA:28,1
DA:29,1
DA:33,1
DA:42,11
DA:45,0
DA:48,0
DA:49,0
DA:50,0
DA:51,0
DA:52,0
DA:54,0
DA:55,0
DA:58,0
DA:59,0
DA:67,0
LF:25
LH:13
BRF:0
BRH:0
end_of_record
TN:
SF:F:\25june\PMQJava\src\main\webapp\app\entities\im-employee\im-employee-detail.component.html
FNF:0
FNH:0
DA:1,11
LF:1
LH:1
BRF:0
BRH:0
end_of_record
TN:
SF:F:\25june\PMQJava\src\main\webapp\app\entities\im-employee\im-employee-detail.component.ts
FN:13,(anonymous_0)
FN:15,(anonymous_1)
FN:16,(anonymous_2)
FN:21,(anonymous_3)
FNF:4
FNH:3
FNDA:1,(anonymous_0)
FNDA:1,(anonymous_1)
FNDA:1,(anonymous_2)
FNDA:0,(anonymous_3)
DA:1,11
DA:2,11
DA:10,11
DA:13,1
DA:16,1
DA:17,1
DA:22,0
LF:7
LH:6
BRF:0
BRH:0
end_of_record
TN:
SF:F:\25june\PMQJava\src\main\webapp\app\entities\im-employee\im-employee-update.component.html
FNF:0
FNH:0
DA:1,10
LF:1
LH:1
BRF:0
BRH:0
end_of_record
TN:
SF:F:\25june\PMQJava\src\main\webapp\app\entities\im-employee\im-employee-update.component.ts
FN:63,(anonymous_0)
FN:74,(anonymous_1)
FN:76,(anonymous_2)
FN:83,(anonymous_3)
FN:84,(anonymous_4)
FN:87,(anonymous_5)
FN:94,(anonymous_6)
FN:95,(anonymous_7)
FN:98,(anonymous_8)
FN:99,(anonymous_9)
FN:103,(anonymous_10)
FN:108,(anonymous_11)
FN:109,(anonymous_12)
FN:111,(anonymous_13)
FN:111,(anonymous_14)
FN:115,(anonymous_15)
FN:116,(anonymous_16)
FN:118,(anonymous_17)
FN:118,(anonymous_18)
FN:122,(anonymous_19)
FN:123,(anonymous_20)
FN:125,(anonymous_21)
FN:125,(anonymous_22)
FN:129,(anonymous_23)
FN:130,(anonymous_24)
FN:132,(anonymous_25)
FN:132,(anonymous_26)
FN:135,(anonymous_27)
FN:161,(anonymous_28)
FN:165,(anonymous_29)
FN:175,(anonymous_30)
FN:204,(anonymous_31)
FN:205,(anonymous_32)
FN:205,(anonymous_33)
FN:208,(anonymous_34)
FN:213,(anonymous_35)
FN:216,(anonymous_36)
FN:220,(anonymous_37)
FN:224,(anonymous_38)
FN:228,(anonymous_39)
FN:232,(anonymous_40)
FN:236,(anonymous_41)
FN:240,(anonymous_42)
FNF:43
FNH:8
FNDA:2,(anonymous_0)
FNDA:0,(anonymous_1)
FNDA:0,(anonymous_2)
FNDA:0,(anonymous_3)
FNDA:0,(anonymous_4)
FNDA:0,(anonymous_5)
FNDA:0,(anonymous_6)
FNDA:0,(anonymous_7)
FNDA:0,(anonymous_8)
FNDA:0,(anonymous_9)
FNDA:0,(anonymous_10)
FNDA:0,(anonymous_11)
FNDA:0,(anonymous_12)
FNDA:0,(anonymous_13)
FNDA:0,(anonymous_14)
FNDA:0,(anonymous_15)
FNDA:0,(anonymous_16)
FNDA:0,(anonymous_17)
FNDA:0,(anonymous_18)
FNDA:0,(anonymous_19)
FNDA:0,(anonymous_20)
FNDA:0,(anonymous_21)
FNDA:0,(anonymous_22)
FNDA:0,(anonymous_23)
FNDA:0,(anonymous_24)
FNDA:0,(anonymous_25)
FNDA:0,(anonymous_26)
FNDA:2,(anonymous_27)
FNDA:2,(anonymous_28)
FNDA:2,(anonymous_29)
FNDA:2,(anonymous_30)
FNDA:2,(anonymous_31)
FNDA:2,(anonymous_32)
FNDA:0,(anonymous_33)
FNDA:2,(anonymous_34)
FNDA:0,(anonymous_35)
FNDA:0,(anonymous_36)
FNDA:0,(anonymous_37)
FNDA:0,(anonymous_38)
FNDA:0,(anonymous_39)
FNDA:0,(anonymous_40)
FNDA:0,(anonymous_41)
FNDA:0,(anonymous_42)
DA:1,10
DA:3,10
DA:4,10
DA:6,10
DA:7,10
DA:8,10
DA:9,10
DA:10,10
DA:11,10
DA:13,10
DA:15,10
DA:17,10
DA:19,10
DA:25,10
DA:39,2
DA:64,2
DA:65,2
DA:66,2
DA:67,2
DA:68,2
DA:69,2
DA:70,2
DA:71,2
DA:75,0
DA:76,0
DA:77,0
DA:78,0
DA:80,0
DA:83,0
DA:84,0
DA:88,0
DA:89,0
DA:91,0
DA:94,0
DA:95,0
DA:98,0
DA:99,0
DA:103,0
DA:105,0
DA:108,0
DA:109,0
DA:111,0
DA:112,0
DA:115,0
DA:116,0
DA:118,0
DA:119,0
DA:122,0
DA:123,0
DA:125,0
DA:126,0
DA:129,0
DA:130,0
DA:132,0
DA:136,2
DA:162,2
DA:166,2
DA:167,2
DA:168,2
DA:169,1
DA:171,1
DA:176,2
DA:201,2
DA:205,2
DA:209,2
DA:210,2
DA:214,0
DA:217,0
DA:221,0
DA:225,0
DA:229,0
DA:233,0
DA:237,0
DA:241,0
DA:242,0
DA:243,0
DA:244,0
DA:248,0
LF:78
LH:35
BRDA:88,0,0,0
BRDA:88,0,1,0
BRDA:88,1,0,0
BRDA:88,1,1,0
BRDA:151,2,0,0
BRDA:151,2,1,2
BRDA:168,3,0,1
BRDA:168,3,1,1
BRDA:193,4,0,0
BRDA:193,4,1,2
BRDA:241,5,0,0
BRDA:241,5,1,0
BRDA:243,6,0,0
BRDA:243,6,1,0
BRF:14
BRH:4
end_of_record
TN:
SF:F:\25june\PMQJava\src\main\webapp\app\entities\im-employee\im-employee.component.html
FNF:0
FNH:0
DA:1,11
LF:1
LH:1
BRF:0
BRH:0
end_of_record
TN:
SF:F:\25june\PMQJava\src\main\webapp\app\entities\im-employee\im-employee.component.ts
FN:20,(anonymous_0)
FN:27,(anonymous_1)
FN:31,(anonymous_2)
FN:32,(anonymous_3)
FN:35,(anonymous_4)
FN:38,(anonymous_5)
FN:42,(anonymous_6)
FN:44,(anonymous_7)
FN:50,(anonymous_8)
FN:54,(anonymous_9)
FN:58,(anonymous_10)
FN:59,(anonymous_11)
FN:62,(anonymous_12)
FNF:13
FNH:8
FNDA:1,(anonymous_0)
FNDA:1,(anonymous_1)
FNDA:1,(anonymous_2)
FNDA:1,(anonymous_3)
FNDA:1,(anonymous_4)
FNDA:0,(anonymous_5)
FNDA:1,(anonymous_6)
FNDA:1,(anonymous_7)
FNDA:0,(anonymous_8)
FNDA:0,(anonymous_9)
FNDA:1,(anonymous_10)
FNDA:0,(anonymous_11)
FNDA:0,(anonymous_12)
DA:1,11
DA:4,11
DA:5,11
DA:8,11
DA:9,11
DA:15,11
DA:21,1
DA:22,1
DA:23,1
DA:24,1
DA:28,1
DA:31,1
DA:32,1
DA:36,1
DA:38,0
DA:43,1
DA:44,1
DA:45,1
DA:47,1
DA:51,0
DA:55,0
DA:59,1
DA:63,0
LF:23
LH:19
BRF:0
BRH:0
end_of_record
TN:
SF:F:\25june\PMQJava\src\main\webapp\app\entities\im-employee\im-employee.route.ts
FN:17,(anonymous_0)
FN:19,(anonymous_1)
FN:23,(anonymous_2)
FN:24,(anonymous_3)
FNF:4
FNH:0
FNDA:0,(anonymous_0)
FNDA:0,(anonymous_1)
FNDA:0,(anonymous_2)
FNDA:0,(anonymous_3)
DA:1,10
DA:4,10
DA:5,10
DA:6,10
DA:7,10
DA:8,10
DA:9,10
DA:10,10
DA:11,10
DA:12,10
DA:16,10
DA:17,0
DA:20,0
DA:21,0
DA:22,0
DA:23,0
DA:24,0
DA:27,0
DA:31,10
DA:79,10
LF:20
LH:13
BRDA:20,0,0,0
BRDA:20,0,1,0
BRDA:21,1,0,0
BRDA:21,1,1,0
BRF:4
BRH:0
end_of_record
TN:
SF:F:\25june\PMQJava\src\main\webapp\app\entities\im-employee\im-employee.service.ts
FN:19,(anonymous_0)
FN:21,(anonymous_1)
FN:25,(anonymous_2)
FN:28,(anonymous_3)
FN:32,(anonymous_4)
FN:35,(anonymous_5)
FN:38,(anonymous_6)
FN:41,(anonymous_7)
FN:45,(anonymous_8)
FN:48,(anonymous_9)
FN:52,(anonymous_10)
FN:59,(anonymous_11)
FN:66,(anonymous_12)
FN:68,(anonymous_13)
FNF:14
FNH:14
FNDA:19,(anonymous_0)
FNDA:1,(anonymous_1)
FNDA:1,(anonymous_2)
FNDA:1,(anonymous_3)
FNDA:1,(anonymous_4)
FNDA:1,(anonymous_5)
FNDA:1,(anonymous_6)
FNDA:1,(anonymous_7)
FNDA:1,(anonymous_8)
FNDA:1,(anonymous_9)
FNDA:2,(anonymous_10)
FNDA:3,(anonymous_11)
FNDA:1,(anonymous_12)
FNDA:1,(anonymous_13)
DA:1,13
DA:2,13
DA:4,13
DA:6,13
DA:8,13
DA:9,13
DA:16,13
DA:17,19
DA:19,19
DA:22,1
DA:23,1
DA:25,1
DA:29,1
DA:30,1
DA:32,1
DA:36,1
DA:38,1
DA:42,1
DA:43,1
DA:45,1
DA:49,1
DA:53,2
DA:56,2
DA:60,3
DA:61,3
DA:63,3
DA:67,1
DA:68,1
DA:69,1
DA:72,1
LF:30
LH:30
BRDA:54,0,0,1
BRDA:54,0,1,1
BRDA:54,1,0,2
BRDA:54,1,1,1
BRDA:60,2,0,3
BRDA:60,2,1,0
BRDA:61,3,0,3
BRDA:61,3,1,0
BRDA:67,4,0,1
BRDA:67,4,1,0
BRDA:69,5,0,1
BRDA:69,5,1,0
BRF:12
BRH:8
end_of_record
TN:
SF:F:\25june\PMQJava\src\main\webapp\app\entities\im-employee\index.ts
FNF:0
FNH:0
DA:1,10
DA:2,10
DA:3,10
DA:4,10
DA:5,10
DA:6,10
LF:6
LH:6
BRF:0
BRH:0
end_of_record
TN:
SF:F:\25june\PMQJava\src\main\webapp\app\entities\im-projects\im-projects-delete-dialog.component.html
FNF:0
FNH:0
DA:1,6
LF:1
LH:1
BRF:0
BRH:0
end_of_record
TN:
SF:F:\25june\PMQJava\src\main\webapp\app\entities\im-projects\im-projects-delete-dialog.component.ts
FN:17,(anonymous_0)
FN:23,(anonymous_1)
FN:27,(anonymous_2)
FN:28,(anonymous_3)
FN:45,(anonymous_4)
FN:47,(anonymous_5)
FN:48,(anonymous_6)
FN:49,(anonymous_7)
FN:53,(anonymous_8)
FN:57,(anonymous_9)
FN:66,(anonymous_10)
FNF:11
FNH:3
FNDA:1,(anonymous_0)
FNDA:0,(anonymous_1)
FNDA:1,(anonymous_2)
FNDA:1,(anonymous_3)
FNDA:0,(anonymous_4)
FNDA:0,(anonymous_5)
FNDA:0,(anonymous_6)
FNDA:0,(anonymous_7)
FNDA:0,(anonymous_8)
FNDA:0,(anonymous_9)
FNDA:0,(anonymous_10)
DA:1,6
DA:2,6
DA:4,6
DA:5,6
DA:8,6
DA:14,6
DA:18,1
DA:19,1
DA:20,1
DA:24,0
DA:28,1
DA:29,1
DA:33,1
DA:42,6
DA:45,0
DA:48,0
DA:49,0
DA:50,0
DA:51,0
DA:52,0
DA:54,0
DA:55,0
DA:58,0
DA:59,0
DA:67,0
LF:25
LH:13
BRF:0
BRH:0
end_of_record
TN:
SF:F:\25june\PMQJava\src\main\webapp\app\entities\im-projects\im-projects-detail.component.html
FNF:0
FNH:0
DA:1,6
LF:1
LH:1
BRF:0
BRH:0
end_of_record
TN:
SF:F:\25june\PMQJava\src\main\webapp\app\entities\im-projects\im-projects-detail.component.ts
FN:13,(anonymous_0)
FN:15,(anonymous_1)
FN:16,(anonymous_2)
FN:21,(anonymous_3)
FNF:4
FNH:3
FNDA:1,(anonymous_0)
FNDA:1,(anonymous_1)
FNDA:1,(anonymous_2)
FNDA:0,(anonymous_3)
DA:1,6
DA:2,6
DA:10,6
DA:13,1
DA:16,1
DA:17,1
DA:22,0
LF:7
LH:6
BRF:0
BRH:0
end_of_record
TN:
SF:F:\25june\PMQJava\src\main\webapp\app\entities\im-projects\im-projects-update.component.html
FNF:0
FNH:0
DA:1,6
LF:1
LH:1
BRF:0
BRH:0
end_of_record
TN:
SF:F:\25june\PMQJava\src\main\webapp\app\entities\im-projects\im-projects-update.component.ts
FN:186,(anonymous_0)
FN:208,(anonymous_1)
FN:210,(anonymous_2)
FN:217,(anonymous_3)
FN:218,(anonymous_4)
FN:220,(anonymous_5)
FN:220,(anonymous_6)
FN:224,(anonymous_7)
FN:225,(anonymous_8)
FN:228,(anonymous_9)
FN:229,(anonymous_10)
FN:234,(anonymous_11)
FN:235,(anonymous_12)
FN:237,(anonymous_13)
FN:237,(anonymous_14)
FN:241,(anonymous_15)
FN:242,(anonymous_16)
FN:244,(anonymous_17)
FN:244,(anonymous_18)
FN:248,(anonymous_19)
FN:249,(anonymous_20)
FN:251,(anonymous_21)
FN:251,(anonymous_22)
FN:255,(anonymous_23)
FN:256,(anonymous_24)
FN:258,(anonymous_25)
FN:258,(anonymous_26)
FN:262,(anonymous_27)
FN:263,(anonymous_28)
FN:266,(anonymous_29)
FN:267,(anonymous_30)
FN:272,(anonymous_31)
FN:273,(anonymous_32)
FN:275,(anonymous_33)
FN:275,(anonymous_34)
FN:279,(anonymous_35)
FN:280,(anonymous_36)
FN:282,(anonymous_37)
FN:282,(anonymous_38)
FN:286,(anonymous_39)
FN:287,(anonymous_40)
FN:289,(anonymous_41)
FN:289,(anonymous_42)
FN:293,(anonymous_43)
FN:294,(anonymous_44)
FN:296,(anonymous_45)
FN:296,(anonymous_46)
FN:300,(anonymous_47)
FN:301,(anonymous_48)
FN:303,(anonymous_49)
[...]
DA:51,0
DA:52,0
DA:54,0
DA:55,0
DA:58,0
DA:59,0
DA:67,0
LF:25
LH:13
BRF:0
BRH:0
end_of_record
TN:
SF:F:\25june\PMQJava\src\main\webapp\app\entities\user-contact\user-contact-detail.component.html
FNF:0
FNH:0
DA:1,11
LF:1
LH:1
BRF:0
BRH:0
end_of_record
TN:
SF:F:\25june\PMQJava\src\main\webapp\app\entities\user-contact\user-contact-detail.component.ts
FN:13,(anonymous_0)
FN:15,(anonymous_1)
FN:16,(anonymous_2)
FN:21,(anonymous_3)
FNF:4
FNH:3
FNDA:1,(anonymous_0)
FNDA:1,(anonymous_1)
FNDA:1,(anonymous_2)
FNDA:0,(anonymous_3)
DA:1,11
DA:2,11
DA:10,11
DA:13,1
DA:16,1
DA:17,1
DA:22,0
LF:7
LH:6
BRF:0
BRH:0
end_of_record
TN:
SF:F:\25june\PMQJava\src\main\webapp\app\entities\user-contact\user-contact-update.component.html
FNF:0
FNH:0
DA:1,10
LF:1
LH:1
BRF:0
BRH:0
end_of_record
TN:
SF:F:\25june\PMQJava\src\main\webapp\app\entities\user-contact\user-contact-update.component.ts
FN:71,(anonymous_0)
FN:84,(anonymous_1)
FN:86,(anonymous_2)
FN:93,(anonymous_3)
FN:94,(anonymous_4)
FN:97,(anonymous_5)
FN:104,(anonymous_6)
FN:105,(anonymous_7)
FN:108,(anonymous_8)
FN:109,(anonymous_9)
FN:113,(anonymous_10)
FN:118,(anonymous_11)
FN:119,(anonymous_12)
FN:121,(anonymous_13)
FN:121,(anonymous_14)
FN:125,(anonymous_15)
FN:126,(anonymous_16)
FN:128,(anonymous_17)
FN:128,(anonymous_18)
FN:132,(anonymous_19)
FN:133,(anonymous_20)
FN:135,(anonymous_21)
FN:135,(anonymous_22)
FN:139,(anonymous_23)
FN:140,(anonymous_24)
FN:142,(anonymous_25)
FN:142,(anonymous_26)
FN:146,(anonymous_27)
FN:147,(anonymous_28)
FN:149,(anonymous_29)
FN:149,(anonymous_30)
FN:152,(anonymous_31)
FN:182,(anonymous_32)
FN:186,(anonymous_33)
FN:196,(anonymous_34)
FN:228,(anonymous_35)
FN:229,(anonymous_36)
FN:229,(anonymous_37)
FN:232,(anonymous_38)
FN:237,(anonymous_39)
FN:240,(anonymous_40)
FN:244,(anonymous_41)
FN:248,(anonymous_42)
FN:252,(anonymous_43)
FN:256,(anonymous_44)
FN:260,(anonymous_45)
FN:264,(anonymous_46)
FN:268,(anonymous_47)
FNF:48
FNH:8
FNDA:2,(anonymous_0)
FNDA:0,(anonymous_1)
FNDA:0,(anonymous_2)
FNDA:0,(anonymous_3)
FNDA:0,(anonymous_4)
FNDA:0,(anonymous_5)
FNDA:0,(anonymous_6)
FNDA:0,(anonymous_7)
FNDA:0,(anonymous_8)
FNDA:0,(anonymous_9)
FNDA:0,(anonymous_10)
FNDA:0,(anonymous_11)
FNDA:0,(anonymous_12)
FNDA:0,(anonymous_13)
FNDA:0,(anonymous_14)
FNDA:0,(anonymous_15)
FNDA:0,(anonymous_16)
FNDA:0,(anonymous_17)
FNDA:0,(anonymous_18)
FNDA:0,(anonymous_19)
FNDA:0,(anonymous_20)
FNDA:0,(anonymous_21)
FNDA:0,(anonymous_22)
FNDA:0,(anonymous_23)
FNDA:0,(anonymous_24)
FNDA:0,(anonymous_25)
FNDA:0,(anonymous_26)
FNDA:0,(anonymous_27)
FNDA:0,(anonymous_28)
FNDA:0,(anonymous_29)
FNDA:0,(anonymous_30)
FNDA:2,(anonymous_31)
FNDA:2,(anonymous_32)
FNDA:2,(anonymous_33)
FNDA:2,(anonymous_34)
FNDA:2,(anonymous_35)
FNDA:2,(anonymous_36)
FNDA:0,(anonymous_37)
FNDA:2,(anonymous_38)
FNDA:0,(anonymous_39)
FNDA:0,(anonymous_40)
FNDA:0,(anonymous_41)
FNDA:0,(anonymous_42)
FNDA:0,(anonymous_43)
FNDA:0,(anonymous_44)
FNDA:0,(anonymous_45)
FNDA:0,(anonymous_46)
FNDA:0,(anonymous_47)
DA:1,10
DA:3,10
DA:4,10
DA:6,10
DA:7,10
DA:8,10
DA:9,10
DA:11,10
DA:13,10
DA:15,10
DA:17,10
DA:19,10
DA:21,10
DA:27,10
DA:43,2
DA:72,2
DA:73,2
DA:74,2
DA:75,2
DA:76,2
DA:77,2
DA:78,2
DA:79,2
DA:80,2
DA:81,2
DA:85,0
DA:86,0
DA:87,0
DA:88,0
DA:90,0
DA:93,0
DA:94,0
DA:98,0
DA:99,0
DA:101,0
DA:104,0
DA:105,0
DA:108,0
DA:109,0
DA:113,0
DA:115,0
DA:118,0
DA:119,0
DA:121,0
DA:122,0
DA:125,0
DA:126,0
DA:128,0
DA:129,0
DA:132,0
DA:133,0
DA:135,0
DA:136,0
DA:139,0
DA:140,0
DA:142,0
DA:143,0
DA:146,0
DA:147,0
DA:149,0
DA:153,2
DA:183,2
DA:187,2
DA:188,2
DA:189,2
DA:190,1
DA:192,1
DA:197,2
DA:225,2
DA:229,2
DA:233,2
DA:234,2
DA:238,0
DA:241,0
DA:245,0
DA:249,0
DA:253,0
DA:257,0
DA:261,0
DA:265,0
DA:269,0
DA:270,0
DA:271,0
DA:272,0
DA:276,0
LF:85
LH:37
BRDA:98,0,0,0
BRDA:98,0,1,0
BRDA:98,1,0,0
BRDA:98,1,1,0
BRDA:189,2,0,1
BRDA:189,2,1,1
BRDA:269,3,0,0
BRDA:269,3,1,0
BRDA:271,4,0,0
BRDA:271,4,1,0
BRF:10
BRH:2
end_of_record
TN:
SF:F:\25june\PMQJava\src\main\webapp\app\entities\user-contact\user-contact.component.html
FNF:0
FNH:0
DA:1,11
LF:1
LH:1
BRF:0
BRH:0
end_of_record
TN:
SF:F:\25june\PMQJava\src\main\webapp\app\entities\user-contact\user-contact.component.ts
FN:20,(anonymous_0)
FN:27,(anonymous_1)
FN:31,(anonymous_2)
FN:32,(anonymous_3)
FN:35,(anonymous_4)
FN:38,(anonymous_5)
FN:42,(anonymous_6)
FN:44,(anonymous_7)
FN:50,(anonymous_8)
FN:54,(anonymous_9)
FN:58,(anonymous_10)
FN:59,(anonymous_11)
FN:62,(anonymous_12)
FNF:13
FNH:8
FNDA:1,(anonymous_0)
FNDA:1,(anonymous_1)
FNDA:1,(anonymous_2)
FNDA:1,(anonymous_3)
FNDA:1,(anonymous_4)
FNDA:0,(anonymous_5)
FNDA:1,(anonymous_6)
FNDA:1,(anonymous_7)
FNDA:0,(anonymous_8)
FNDA:0,(anonymous_9)
FNDA:1,(anonymous_10)
FNDA:0,(anonymous_11)
FNDA:0,(anonymous_12)
DA:1,11
DA:4,11
DA:5,11
DA:8,11
DA:9,11
DA:15,11
DA:21,1
DA:22,1
DA:23,1
DA:24,1
DA:28,1
DA:31,1
DA:32,1
DA:36,1
DA:38,0
DA:43,1
DA:44,1
DA:45,1
DA:47,1
DA:51,0
DA:55,0
DA:59,1
DA:63,0
LF:23
LH:19
BRF:0
BRH:0
end_of_record
TN:
SF:F:\25june\PMQJava\src\main\webapp\app\entities\user-contact\user-contact.route.ts
FN:17,(anonymous_0)
FN:19,(anonymous_1)
FN:23,(anonymous_2)
FN:24,(anonymous_3)
FNF:4
FNH:0
FNDA:0,(anonymous_0)
FNDA:0,(anonymous_1)
FNDA:0,(anonymous_2)
FNDA:0,(anonymous_3)
DA:1,10
DA:4,10
DA:5,10
DA:6,10
DA:7,10
DA:8,10
DA:9,10
DA:10,10
DA:11,10
DA:12,10
DA:16,10
DA:17,0
DA:20,0
DA:21,0
DA:22,0
DA:23,0
DA:24,0
DA:27,0
DA:31,10
DA:79,10
LF:20
LH:13
BRDA:20,0,0,0
BRDA:20,0,1,0
BRDA:21,1,0,0
BRDA:21,1,1,0
BRF:4
BRH:0
end_of_record
TN:
SF:F:\25june\PMQJava\src\main\webapp\app\entities\user-contact\user-contact.service.ts
FN:16,(anonymous_0)
FN:18,(anonymous_1)
FN:22,(anonymous_2)
FN:26,(anonymous_3)
FN:30,(anonymous_4)
FN:35,(anonymous_5)
FNF:6
FNH:6
FNDA:17,(anonymous_0)
FNDA:1,(anonymous_1)
FNDA:1,(anonymous_2)
FNDA:1,(anonymous_3)
FNDA:1,(anonymous_4)
FNDA:1,(anonymous_5)
DA:1,13
DA:2,13
DA:5,13
DA:6,13
DA:13,13
DA:14,17
DA:16,17
DA:19,1
DA:23,1
DA:27,1
DA:31,1
DA:32,1
DA:36,1
LF:13
LH:13
BRF:0
BRH:0
end_of_record
TN:
SF:F:\25june\PMQJava\src\main\webapp\app\shared\index.ts
FNF:0
FNH:0
DA:1,150
DA:2,150
DA:3,150
DA:4,150
DA:5,150
DA:6,150
DA:7,150
DA:8,150
DA:9,150
DA:10,150
DA:11,150
DA:12,150
DA:13,150
LF:13
LH:13
BRF:0
BRH:0
end_of_record
TN:
SF:F:\25june\PMQJava\src\main\webapp\app\shared\shared-common.module.ts
FNF:0
FNH:0
DA:1,150
DA:3,150
DA:10,150
LF:3
LH:3
BRF:0
BRH:0
end_of_record
TN:
SF:F:\25june\PMQJava\src\main\webapp\app\shared\shared-libs.module.ts
FN:15,(anonymous_0)
FNF:1
FNH:0
FNDA:0,(anonymous_0)
DA:1,150
DA:2,150
DA:3,150
DA:4,150
DA:5,150
DA:6,150
DA:7,150
DA:8,150
DA:14,150
DA:16,0
LF:10
LH:9
BRF:0
BRH:0
end_of_record
TN:
SF:F:\25june\PMQJava\src\main\webapp\app\shared\shared.module.ts
FN:12,(anonymous_0)
FNF:1
FNH:0
FNDA:0,(anonymous_0)
DA:1,150
DA:2,150
DA:11,150
DA:13,0
LF:4
LH:3
BRF:0
BRH:0
end_of_record
TN:
SF:F:\25june\PMQJava\src\main\webapp\app\shared\alert\alert-error.component.ts
FN:22,(anonymous_0)
FN:26,(anonymous_1)
FN:39,(anonymous_2)
FN:82,(anonymous_3)
FN:89,(anonymous_4)
FN:96,(anonymous_5)
FNF:6
FNH:2
FNDA:7,(anonymous_0)
FNDA:0,(anonymous_1)
FNDA:0,(anonymous_2)
FNDA:0,(anonymous_3)
FNDA:6,(anonymous_4)
FNDA:0,(anonymous_5)
DA:1,151
DA:2,151
DA:3,151
DA:18,151
DA:22,7
DA:24,7
DA:26,7
DA:28,0
DA:29,0
DA:32,0
DA:33,0
DA:36,0
DA:37,0
DA:38,0
DA:39,0
DA:40,0
DA:41,0
DA:42,0
DA:43,0
DA:46,0
DA:47,0
DA:48,0
DA:49,0
DA:50,0
DA:51,0
DA:52,0
DA:53,0
DA:54,0
DA:57,0
DA:58,0
DA:59,0
DA:61,0
DA:62,0
DA:64,0
DA:66,0
DA:69,0
DA:70,0
DA:73,0
DA:74,0
DA:76,0
DA:83,0
DA:90,6
DA:91,6
DA:92,6
DA:97,0
DA:99,0
DA:108,0
LF:47
LH:10
BRDA:31,0,0,0
BRDA:31,0,1,0
BRDA:31,0,2,0
BRDA:31,0,3,0
BRDA:40,1,0,0
BRDA:40,1,1,0
BRDA:42,2,0,0
BRDA:42,2,1,0
BRDA:46,3,0,0
BRDA:46,3,1,0
BRDA:49,4,0,0
BRDA:49,4,1,0
BRDA:49,5,0,0
BRDA:49,5,1,0
BRDA:53,6,0,0
BRDA:53,6,1,0
BRDA:61,7,0,0
BRDA:61,7,1,0
BRDA:61,8,0,0
BRDA:61,8,1,0
BRDA:73,9,0,0
BRDA:73,9,1,0
BRDA:73,10,0,0
BRDA:73,10,1,0
BRDA:90,11,0,6
BRDA:90,11,1,0
BRDA:90,12,0,6
BRDA:90,12,1,6
BRDA:97,13,0,0
BRDA:97,13,1,0
BRDA:97,14,0,0
BRDA:97,14,1,0
BRF:32
BRH:3
end_of_record
TN:
SF:F:\25june\PMQJava\src\main\webapp\app\shared\alert\alert.component.ts
FN:19,(anonymous_0)
FN:21,(anonymous_1)
FN:25,(anonymous_2)
FN:32,(anonymous_3)
FNF:4
FNH:0
FNDA:0,(anonymous_0)
FNDA:0,(anonymous_1)
FNDA:0,(anonymous_2)
FNDA:0,(anonymous_3)
DA:1,150
DA:2,150
DA:16,150
DA:19,0
DA:22,0
DA:26,0
DA:33,0
LF:7
LH:3
BRF:0
BRH:0
end_of_record
TN:
SF:F:\25june\PMQJava\src\main\webapp\app\shared\auth\has-any-authority.directive.ts
FN:21,(anonymous_0)
FN:24,(anonymous_1)
FN:28,(anonymous_2)
FN:31,(anonymous_3)
FNF:4
FNH:0
FNDA:0,(anonymous_0)
FNDA:0,(anonymous_1)
FNDA:0,(anonymous_2)
FNDA:0,(anonymous_3)
DA:1,150
DA:2,150
DA:18,150
DA:21,0
DA:24,150
DA:25,0
DA:26,0
DA:28,0
DA:32,0
DA:33,0
DA:34,0
DA:35,0
LF:12
LH:4
BRDA:25,0,0,0
BRDA:25,0,1,0
BRDA:34,1,0,0
BRDA:34,1,1,0
BRF:4
BRH:0
end_of_record
TN:
SF:F:\25june\PMQJava\src\main\webapp\app\shared\constants\error.constants.ts
FNF:0
FNH:0
DA:1,150
DA:2,150
DA:3,150
DA:4,150
LF:4
LH:4
BRF:0
BRH:0
end_of_record
TN:
SF:F:\25june\PMQJava\src\main\webapp\app\shared\constants\input.constants.ts
FNF:0
FNH:0
DA:1,150
DA:2,150
LF:2
LH:2
BRF:0
BRH:0
end_of_record
TN:
SF:F:\25june\PMQJava\src\main\webapp\app\shared\constants\pagination.constants.ts
FNF:0
FNH:0
DA:1,150
LF:1
LH:1
BRF:0
BRH:0
end_of_record
TN:
SF:F:\25june\PMQJava\src\main\webapp\app\shared\language\find-language-from-key.pipe.ts
FN:3,(anonymous_0)
FN:9,(anonymous_1)
FNF:2
FNH:0
FNDA:0,(anonymous_0)
FNDA:0,(anonymous_1)
DA:1,150
DA:4,150
DA:5,0
DA:10,0
LF:4
LH:2
BRF:0
BRH:0
end_of_record
TN:
SF:F:\25june\PMQJava\src\main\webapp\app\shared\login\login.component.html
FNF:0
FNH:0
DA:1,200
LF:1
LH:1
BRF:0
BRH:0
end_of_record
TN:
SF:F:\25june\PMQJava\src\main\webapp\app\shared\login\login.component.ts
FN:23,(anonymous_0)
FN:34,(anonymous_1)
FN:35,(anonymous_2)
FN:38,(anonymous_3)
FN:47,(anonymous_4)
FN:54,(anonymous_5)
FN:74,(anonymous_6)
FN:79,(anonymous_7)
FN:84,(anonymous_8)
FNF:9
FNH:6
FNDA:5,(anonymous_0)
FNDA:0,(anonymous_1)
FNDA:0,(anonymous_2)
FNDA:1,(anonymous_3)
FNDA:2,(anonymous_4)
FNDA:2,(anonymous_5)
FNDA:0,(anonymous_6)
FNDA:1,(anonymous_7)
FNDA:1,(anonymous_8)
DA:1,200
DA:2,200
DA:3,200
DA:4,200
DA:5,200
DA:7,200
DA:8,200
DA:14,200
DA:17,5
DA:24,5
DA:25,5
DA:26,5
DA:27,5
DA:28,5
DA:29,5
DA:30,5
DA:31,5
DA:35,0
DA:39,1
DA:40,1
DA:44,1
DA:48,2
DA:55,2
DA:56,2
DA:57,2
DA:58,0
DA:61,2
DA:68,2
DA:69,2
DA:70,1
DA:71,1
DA:75,0
DA:80,1
DA:81,1
DA:85,1
DA:86,1
LF:36
LH:33
BRDA:57,0,0,0
BRDA:57,0,1,2
BRDA:57,1,0,2
BRDA:57,1,1,2
BRDA:57,1,2,2
BRDA:69,2,0,1
BRDA:69,2,1,1
BRF:7
BRH:6
end_of_record
TN:
SF:F:\25june\PMQJava\src\main\webapp\app\shared\model\backlog-practice.model.ts
FN:9,(anonymous_0)
FNF:1
FNH:1
FNDA:12,(anonymous_0)
DA:8,10
DA:9,12
LF:2
LH:2
BRF:0
BRH:0
end_of_record
TN:
SF:F:\25june\PMQJava\src\main\webapp\app\shared\model\city.model.ts
FN:8,(anonymous_0)
FNF:1
FNH:1
FNDA:12,(anonymous_0)
DA:7,14
DA:8,12
LF:2
LH:2
BRF:0
BRH:0
end_of_record
TN:
SF:F:\25june\PMQJava\src\main\webapp\app\shared\model\company.model.ts
FN:12,(anonymous_0)
FNF:1
FNH:1
FNDA:12,(anonymous_0)
DA:11,11
DA:13,12
DA:14,12
DA:15,12
DA:16,12
DA:17,12
LF:6
LH:6
BRF:0
BRH:0
end_of_record
TN:
SF:F:\25june\PMQJava\src\main\webapp\app\shared\model\country.model.ts
FN:8,(anonymous_0)
FNF:1
FNH:1
FNDA:12,(anonymous_0)
DA:7,14
DA:8,12
LF:2
LH:2
BRF:0
BRH:0
end_of_record
TN:
SF:F:\25june\PMQJava\src\main\webapp\app\shared\model\department.model.ts
FN:8,(anonymous_0)
FNF:1
FNH:1
FNDA:12,(anonymous_0)
DA:7,14
DA:8,12
LF:2
LH:2
BRF:0
BRH:0
end_of_record
TN:
SF:F:\25june\PMQJava\src\main\webapp\app\shared\model\employee-status.model.ts
FN:8,(anonymous_0)
FNF:1
FNH:1
FNDA:12,(anonymous_0)
DA:7,14
DA:8,12
LF:2
LH:2
BRF:0
BRH:0
end_of_record
TN:
SF:F:\25june\PMQJava\src\main\webapp\app\shared\model\file-storage.model.ts
FN:13,(anonymous_0)
FNF:1
FNH:1
FNDA:12,(anonymous_0)
DA:12,4
DA:14,12
DA:15,12
DA:16,12
DA:17,12
DA:18,12
LF:6
LH:6
BRF:0
BRH:0
end_of_record
TN:
SF:F:\25june\PMQJava\src\main\webapp\app\shared\model\group-members.model.ts
FN:14,(anonymous_0)
FNF:1
FNH:1
FNDA:12,(anonymous_0)
DA:13,13
DA:15,12
DA:16,12
DA:17,12
DA:18,12
DA:19,12
DA:20,12
LF:7
LH:7
BRF:0
BRH:0
end_of_record
TN:
SF:F:\25june\PMQJava\src\main\webapp\app\shared\model\im-employee.model.ts
FN:33,(anonymous_0)
FNF:1
FNH:1
FNDA:12,(anonymous_0)
DA:32,13
DA:34,12
DA:35,12
DA:36,12
DA:37,12
DA:38,12
DA:39,12
DA:40,12
DA:41,12
DA:42,12
DA:43,12
DA:44,12
DA:45,12
DA:46,12
DA:47,12
DA:48,12
DA:49,12
DA:50,12
DA:51,12
DA:52,12
DA:53,12
DA:54,12
LF:22
LH:22
BRF:0
BRH:0
end_of_record
TN:
SF:F:\25june\PMQJava\src\main\webapp\app\shared\model\im-projects.model.ts
FN:123,(anonymous_0)
FNF:1
FNH:1
FNDA:12,(anonymous_0)
DA:122,9
DA:124,12
DA:125,12
DA:126,12
DA:127,12
DA:128,12
DA:129,12
DA:130,12
DA:131,12
DA:132,12
DA:133,12
DA:134,12
DA:135,12
DA:136,12
DA:137,12
DA:138,12
DA:139,12
DA:140,12
DA:141,12
DA:142,12
DA:143,12
DA:144,12
DA:145,12
DA:146,12
DA:147,12
DA:148,12
DA:149,12
DA:150,12
DA:151,12
DA:152,12
DA:153,12
DA:154,12
DA:155,12
DA:156,12
DA:157,12
DA:158,12
DA:159,12
DA:160,12
DA:161,12
DA:162,12
DA:163,12
DA:164,12
DA:165,12
DA:166,12
DA:167,12
DA:168,12
DA:169,12
DA:170,12
DA:171,12
DA:172,12
DA:173,12
DA:174,12
DA:175,12
DA:176,12
DA:177,12
DA:178,12
DA:179,12
DA:180,12
DA:181,12
DA:182,12
DA:183,12
DA:184,12
DA:185,12
DA:186,12
DA:187,12
DA:188,12
DA:189,12
DA:190,12
DA:191,12
DA:192,12
DA:193,12
DA:194,12
DA:195,12
DA:196,12
DA:197,12
DA:198,12
DA:199,12
DA:200,12
DA:201,12
DA:202,12
DA:203,12
DA:204,12
DA:205,12
DA:206,12
DA:207,12
DA:208,12
DA:209,12
DA:210,12
DA:211,12
DA:212,12
DA:213,12
DA:214,12
DA:215,12
DA:216,12
DA:217,12
DA:218,12
DA:219,12
DA:220,12
DA:221,12
DA:222,12
DA:223,12
DA:225,12
DA:226,12
DA:227,12
LF:104
LH:104
BRDA:225,0,0,12
BRDA:225,0,1,12
BRDA:226,1,0,12
BRDA:226,1,1,12
BRDA:227,2,0,12
BRDA:227,2,1,12
BRF:6
BRH:6
end_of_record
TN:
SF:F:\25june\PMQJava\src\main\webapp\app\shared\model\im-timesheet.model.ts
FN:16,(anonymous_0)
FNF:1
FNH:1
FNDA:12,(anonymous_0)
DA:15,4
DA:17,12
DA:18,12
DA:19,12
DA:20,12
DA:21,12
DA:22,12
DA:23,12
LF:8
LH:8
BRF:0
BRH:0
end_of_record
TN:
SF:F:\25june\PMQJava\src\main\webapp\app\shared\model\opportunity-priority-id.model.ts
FN:9,(anonymous_0)
FNF:1
FNH:1
FNDA:12,(anonymous_0)
DA:8,10
DA:9,12
LF:2
LH:2
BRF:0
BRH:0
end_of_record
TN:
SF:F:\25june\PMQJava\src\main\webapp\app\shared\model\project-allocation.model.ts
FN:14,(anonymous_0)
FNF:1
FNH:1
FNDA:12,(anonymous_0)
DA:13,4
DA:15,12
DA:16,12
DA:17,12
DA:18,12
DA:19,12
LF:6
LH:6
BRF:0
BRH:0
end_of_record
TN:
SF:F:\25june\PMQJava\src\main\webapp\app\shared\model\project-board-id.model.ts
FN:9,(anonymous_0)
FNF:1
FNH:1
FNDA:12,(anonymous_0)
DA:8,10
DA:9,12
LF:2
LH:2
BRF:0
BRH:0
end_of_record
TN:
SF:F:\25june\PMQJava\src\main\webapp\app\shared\model\project-bucket-id.model.ts
FN:9,(anonymous_0)
FNF:1
FNH:1
FNDA:12,(anonymous_0)
DA:8,10
DA:9,12
LF:2
LH:2
BRF:0
BRH:0
end_of_record
TN:
SF:F:\25june\PMQJava\src\main\webapp\app\shared\model\project-businessgoal-id.model.ts
FN:9,(anonymous_0)
FNF:1
FNH:1
FNDA:12,(anonymous_0)
DA:8,10
DA:9,12
LF:2
LH:2
BRF:0
BRH:0
end_of_record
TN:
SF:F:\25june\PMQJava\src\main\webapp\app\shared\model\project-class.model.ts
FN:9,(anonymous_0)
FNF:1
FNH:1
FNDA:12,(anonymous_0)
DA:8,10
DA:9,12
LF:2
LH:2
BRF:0
BRH:0
end_of_record
TN:
SF:F:\25june\PMQJava\src\main\webapp\app\shared\model\project-cost-center-id.model.ts
FN:12,(anonymous_0)
FNF:1
FNH:1
FNDA:12,(anonymous_0)
DA:11,11
DA:12,12
LF:2
LH:2
BRF:0
BRH:0
end_of_record
TN:
SF:F:\25june\PMQJava\src\main\webapp\app\shared\model\project-initiative-id.model.ts
FN:9,(anonymous_0)
FNF:1
FNH:1
FNDA:12,(anonymous_0)
DA:8,10
DA:9,12
LF:2
LH:2
BRF:0
BRH:0
end_of_record
TN:
SF:F:\25june\PMQJava\src\main\webapp\app\shared\model\project-maingoal-id.model.ts
FN:9,(anonymous_0)
FNF:1
FNH:1
FNDA:12,(anonymous_0)
DA:8,10
DA:9,12
LF:2
LH:2
BRF:0
BRH:0
end_of_record
TN:
SF:F:\25june\PMQJava\src\main\webapp\app\shared\model\project-roles.model.ts
FN:9,(anonymous_0)
FNF:1
FNH:1
FNDA:12,(anonymous_0)
DA:8,5
DA:9,12
LF:2
LH:2
BRF:0
BRH:0
end_of_record
TN:
SF:F:\25june\PMQJava\src\main\webapp\app\shared\model\project-status-id.model.ts
FN:9,(anonymous_0)
FNF:1
FNH:1
FNDA:12,(anonymous_0)
DA:8,10
DA:9,12
LF:2
LH:2
BRF:0
BRH:0
end_of_record
TN:
SF:F:\25june\PMQJava\src\main\webapp\app\shared\model\project-subgoal-id.model.ts
FN:9,(anonymous_0)
FNF:1
FNH:1
FNDA:12,(anonymous_0)
DA:8,10
DA:9,12
LF:2
LH:2
BRF:0
BRH:0
end_of_record
TN:
SF:F:\25june\PMQJava\src\main\webapp\app\shared\model\project-tag.model.ts
FN:18,(anonymous_0)
FNF:1
FNH:1
FNDA:12,(anonymous_0)
DA:17,4
DA:19,12
DA:20,12
DA:21,12
DA:22,12
DA:23,12
DA:24,12
DA:25,12
DA:26,12
DA:27,12
LF:10
LH:10
BRF:0
BRH:0
end_of_record
TN:
SF:F:\25june\PMQJava\src\main\webapp\app\shared\model\project-theme.model.ts
FN:9,(anonymous_0)
FNF:1
FNH:1
FNDA:12,(anonymous_0)
DA:8,10
DA:9,12
LF:2
LH:2
BRF:0
BRH:0
end_of_record
TN:
SF:F:\25june\PMQJava\src\main\webapp\app\shared\model\project-type-id.model.ts
FN:9,(anonymous_0)
FNF:1
FNH:1
FNDA:12,(anonymous_0)
DA:8,10
DA:9,12
LF:2
LH:2
BRF:0
BRH:0
end_of_record
TN:
SF:F:\25june\PMQJava\src\main\webapp\app\shared\model\project-vertical.model.ts
FN:9,(anonymous_0)
FNF:1
FNH:1
FNDA:12,(anonymous_0)
DA:8,10
DA:9,12
LF:2
LH:2
BRF:0
BRH:0
end_of_record
TN:
SF:F:\25june\PMQJava\src\main\webapp\app\shared\model\qnow-user.model.ts
FN:9,(anonymous_0)
FNF:1
FNH:1
FNDA:12,(anonymous_0)
DA:8,14
DA:9,12
LF:2
LH:2
BRF:0
BRH:0
end_of_record
TN:
SF:F:\25june\PMQJava\src\main\webapp\app\shared\model\roles.model.ts
FN:12,(anonymous_0)
FNF:1
FNH:1
FNDA:12,(anonymous_0)
DA:11,13
DA:13,12
DA:14,12
DA:15,12
DA:16,12
DA:17,12
LF:6
LH:6
BRF:0
BRH:0
end_of_record
TN:
SF:F:\25june\PMQJava\src\main\webapp\app\shared\model\skill-category.model.ts
FN:8,(anonymous_0)
FNF:1
FNH:1
FNDA:12,(anonymous_0)
DA:7,6
DA:8,12
LF:2
LH:2
BRF:0
BRH:0
end_of_record
TN:
SF:F:\25june\PMQJava\src\main\webapp\app\shared\model\skill-expertise.model.ts
FN:9,(anonymous_0)
FNF:1
FNH:1
FNDA:12,(anonymous_0)
DA:8,5
DA:9,12
LF:2
LH:2
BRF:0
BRH:0
end_of_record
TN:
SF:F:\25june\PMQJava\src\main\webapp\app\shared\model\skill-table.model.ts
FN:15,(anonymous_0)
FNF:1
FNH:1
FNDA:12,(anonymous_0)
DA:14,4
DA:16,12
DA:17,12
DA:18,12
DA:19,12
DA:20,12
LF:6
LH:6
BRF:0
BRH:0
end_of_record
TN:
SF:F:\25june\PMQJava\src\main\webapp\app\shared\model\skills.model.ts
FN:13,(anonymous_0)
FNF:1
FNH:1
FNDA:12,(anonymous_0)
DA:12,5
DA:14,12
DA:15,12
DA:16,12
DA:17,12
DA:18,12
LF:6
LH:6
BRF:0
BRH:0
end_of_record
TN:
SF:F:\25june\PMQJava\src\main\webapp\app\shared\model\state-master.model.ts
FN:8,(anonymous_0)
FNF:1
FNH:1
FNDA:12,(anonymous_0)
DA:7,14
DA:8,12
LF:2
LH:2
BRF:0
BRH:0
end_of_record
TN:
SF:F:\25june\PMQJava\src\main\webapp\app\shared\model\tag-type.model.ts
FN:9,(anonymous_0)
FNF:1
FNH:1
FNDA:12,(anonymous_0)
DA:8,5
DA:9,12
LF:2
LH:2
BRF:0
BRH:0
end_of_record
TN:
SF:F:\25june\PMQJava\src\main\webapp\app\shared\model\user-contact.model.ts
FN:38,(anonymous_0)
FNF:1
FNH:1
FNDA:12,(anonymous_0)
DA:37,13
DA:39,12
DA:40,12
DA:41,12
DA:42,12
DA:43,12
DA:44,12
DA:45,12
DA:46,12
DA:47,12
DA:48,12
DA:49,12
DA:50,12
DA:51,12
DA:52,12
DA:53,12
DA:54,12
DA:55,12
DA:56,12
DA:57,12
DA:58,12
DA:59,12
DA:60,12
DA:61,12
DA:62,12
DA:63,12
DA:64,12
LF:27
LH:27
BRF:0
BRH:0
end_of_record
TN:
SF:F:\25june\PMQJava\src\main\webapp\app\shared\util\datepicker-adapter.ts
FN:11,(anonymous_0)
FN:18,(anonymous_1)
FNF:2
FNH:0
FNDA:0,(anonymous_0)
FNDA:0,(anonymous_1)
DA:4,200
DA:5,200
DA:7,200
DA:10,200
DA:12,0
DA:13,0
DA:15,0
DA:19,0
LF:8
LH:4
BRDA:12,0,0,0
BRDA:12,0,1,0
BRDA:12,1,0,0
BRDA:12,1,1,0
BRDA:12,1,2,0
BRDA:19,2,0,0
BRDA:19,2,1,0
BRF:7
BRH:0
end_of_record
TN:
SF:F:\25june\PMQJava\src\main\webapp\app\shared\util\request-util.ts
FN:3,(anonymous_0)
FN:6,(anonymous_1)
FN:12,(anonymous_2)
FNF:3
FNH:3
FNDA:40,(anonymous_0)
FNDA:293,(anonymous_1)
FNDA:1,(anonymous_2)
DA:1,200
DA:3,200
DA:4,40
DA:5,40
DA:6,40
DA:7,293
DA:8,292
DA:11,40
DA:12,1
DA:13,1
DA:17,40
LF:11
LH:11
BRDA:5,0,0,40
BRDA:5,0,1,0
BRDA:7,1,0,292
BRDA:7,1,1,1
BRDA:11,2,0,1
BRDA:11,2,1,39
BRF:6
BRH:5
end_of_record
